<?xml version="1.0" encoding="UTF-8"?>
<testsuites name="edycja_profilu" time="345.132" tests="22" failures="8" errors="0">
   <testsuite name="edycja_profilu" tests="22" failures="8" errors="0" time="345.132" skipped="0" timestamp="2021-12-22 00:17:38" hostname="ASUS - N551JK" id="Test Suites/edycja_profilu">
      <properties>
         <property name="deviceName" value=""/>
         <property name="devicePlatform" value=""/>
         <property name="logFolder" value="C:\\Users\\ASUS\\git\\lab_WSB\\Reports\\20211222_001733\\edycja_profilu\\20211222_001733"/>
         <property name="logFiles" value="C:\\Users\\ASUS\\git\\lab_WSB\\Reports\\20211222_001733\\edycja_profilu\\20211222_001733\\execution0.log"/>
         <property name="attachments" value=""/>
         <property name="hostName" value="ASUS - N551JK"/>
         <property name="os" value="Windows 10 64bit"/>
         <property name="katalonVersion" value="8.1.0.208"/>
         <property name="browser" value="Firefox 95.0"/>
         <property name="hostAddress" value="192.168.1.203"/>
         <property name="sessionId" value="ef93d582-3182-47a5-8c62-ae6358454c6b"/>
         <property name="seleniumVersion" value="3.141.59"/>
         <property name="proxyInformation" value="ProxyInformation { proxyOption=NO_PROXY, proxyServerType=HTTP, username=, password=********, proxyServerAddress=, proxyServerPort=0, executionList=&quot;&quot;, isApplyToDesiredCapabilities=true }"/>
         <property name="platform" value="Windows 10"/>
      </properties>
      <testcase name="Test Cases/komunikator testy edycja profilu/PE1" time="23.395" classname="Test Cases/komunikator testy edycja profilu/PE1" status="PASSED">
         <system-out><![CDATA[2021-12-22 00:17:38 - [TEST_CASE][PASSED] - Test Cases/komunikator testy edycja profilu/PE1: Test Cases/komunikator testy edycja profilu/PE1

2021-12-22 00:17:39 - [TEST_STEP][PASSED] - openBrowser(""): Browser is opened with url: ''

2021-12-22 00:17:40 - [MESSAGE][INFO] - Starting 'Firefox' driver

2021-12-22 00:17:40 - [MESSAGE][INFO] - Action delay is set to 0 milliseconds

2021-12-22 00:17:48 - [MESSAGE][PASSED] - Browser is opened with url: ''

2021-12-22 00:17:48 - [TEST_STEP][PASSED] - maximizeWindow(): Current window maximized

2021-12-22 00:17:48 - [MESSAGE][PASSED] - Current window maximized

2021-12-22 00:17:48 - [TEST_STEP][PASSED] - navigateToUrl("http://kmg.hcm.pl/testowanie/index.html"): Navigate to 'http://kmg.hcm.pl/testowanie/index.html' successfully

2021-12-22 00:17:50 - [MESSAGE][PASSED] - Navigate to 'http://kmg.hcm.pl/testowanie/index.html' successfully

2021-12-22 00:17:50 - [TEST_STEP][PASSED] - setText(findTestObject("Page_PSTO webMessenger/input_Zarejestruj konto_userLogin"), "ewelinah"): Text 'ewelinah' is set on object 'Object Repository/Page_PSTO webMessenger/input_Zarejestruj konto_userLogin'

2021-12-22 00:17:51 - [MESSAGE][PASSED] - Text 'ewelinah' is set on object 'Object Repository/Page_PSTO webMessenger/input_Zarejestruj konto_userLogin'

2021-12-22 00:17:51 - [TEST_STEP][PASSED] - setEncryptedText(findTestObject("Page_PSTO webMessenger/input_Zarejestruj konto_passwordLogin"), "aeHFOx8jV/A="): Text ****** has been set on object 'Object Repository/Page_PSTO webMessenger/input_Zarejestruj konto_passwordLogin'

2021-12-22 00:17:51 - [MESSAGE][PASSED] - Text ****** has been set on object 'Object Repository/Page_PSTO webMessenger/input_Zarejestruj konto_passwordLogin'

2021-12-22 00:17:51 - [TEST_STEP][PASSED] - click(findTestObject("Page_PSTO webMessenger/input_Zarejestruj konto_login")): Object: 'Object Repository/Page_PSTO webMessenger/input_Zarejestruj konto_login' is clicked on

2021-12-22 00:17:52 - [MESSAGE][PASSED] - Object: 'Object Repository/Page_PSTO webMessenger/input_Zarejestruj konto_login' is clicked on

2021-12-22 00:17:52 - [TEST_STEP][PASSED] - click(findTestObject("Page_PSTO webMessenger - Zalogowano/img_Zarejestruj konto_profile")): Object: 'Object Repository/Page_PSTO webMessenger - Zalogowano/img_Zarejestruj konto_profile' is clicked on

2021-12-22 00:17:55 - [MESSAGE][PASSED] - Object: 'Object Repository/Page_PSTO webMessenger - Zalogowano/img_Zarejestruj konto_profile' is clicked on

2021-12-22 00:17:55 - [TEST_STEP][PASSED] - setEncryptedText(findTestObject("Page_PSTO webMessenger - Zalogowano/input_Zmien haslo_oldPass"), "aeHFOx8jV/A="): Text ****** has been set on object 'Object Repository/Page_PSTO webMessenger - Zalogowano/input_Zmien haslo_oldPass'

2021-12-22 00:17:56 - [MESSAGE][PASSED] - Text ****** has been set on object 'Object Repository/Page_PSTO webMessenger - Zalogowano/input_Zmien haslo_oldPass'

2021-12-22 00:17:56 - [TEST_STEP][PASSED] - setEncryptedText(findTestObject("Page_PSTO webMessenger - Zalogowano/input_Zmien haslo_editPass"), "qeJ0sjJnwEs="): Text ****** has been set on object 'Object Repository/Page_PSTO webMessenger - Zalogowano/input_Zmien haslo_editPass'

2021-12-22 00:17:56 - [MESSAGE][PASSED] - Text ****** has been set on object 'Object Repository/Page_PSTO webMessenger - Zalogowano/input_Zmien haslo_editPass'

2021-12-22 00:17:56 - [TEST_STEP][PASSED] - setEncryptedText(findTestObject("Page_PSTO webMessenger - Zalogowano/input_Zmien haslo_editPassRepeat"), "qeJ0sjJnwEs="): Text ****** has been set on object 'Object Repository/Page_PSTO webMessenger - Zalogowano/input_Zmien haslo_editPassRepeat'

2021-12-22 00:17:56 - [MESSAGE][PASSED] - Text ****** has been set on object 'Object Repository/Page_PSTO webMessenger - Zalogowano/input_Zmien haslo_editPassRepeat'

2021-12-22 00:17:56 - [TEST_STEP][PASSED] - click(findTestObject("Page_PSTO webMessenger - Zalogowano/input_Zmien haslo_changePassword")): Object: 'Object Repository/Page_PSTO webMessenger - Zalogowano/input_Zmien haslo_changePassword' is clicked on

2021-12-22 00:17:57 - [MESSAGE][PASSED] - Object: 'Object Repository/Page_PSTO webMessenger - Zalogowano/input_Zmien haslo_changePassword' is clicked on

2021-12-22 00:17:57 - [TEST_STEP][PASSED] - verifyElementText(findTestObject("Page_PSTO webMessenger - Zalogowano/p_Haslo zostalo zmienione"), "HASŁO ZOSTAŁO ZMIENIONE!"): Actual text and expected text of test object 'Object Repository/Page_PSTO webMessenger - Zalogowano/p_Haslo zostalo zmienione' are matched.

2021-12-22 00:17:58 - [MESSAGE][PASSED] - Actual text and expected text of test object 'Object Repository/Page_PSTO webMessenger - Zalogowano/p_Haslo zostalo zmienione' are matched.

2021-12-22 00:17:58 - [TEST_STEP][PASSED] - setEncryptedText(findTestObject("Page_PSTO webMessenger - Zalogowano/input_Zmien haslo_oldPass"), "qeJ0sjJnwEs="): Text ****** has been set on object 'Object Repository/Page_PSTO webMessenger - Zalogowano/input_Zmien haslo_oldPass'

2021-12-22 00:17:58 - [MESSAGE][PASSED] - Text ****** has been set on object 'Object Repository/Page_PSTO webMessenger - Zalogowano/input_Zmien haslo_oldPass'

2021-12-22 00:17:58 - [TEST_STEP][PASSED] - setEncryptedText(findTestObject("Page_PSTO webMessenger - Zalogowano/input_Zmien haslo_editPass"), "aeHFOx8jV/A="): Text ****** has been set on object 'Object Repository/Page_PSTO webMessenger - Zalogowano/input_Zmien haslo_editPass'

2021-12-22 00:17:59 - [MESSAGE][PASSED] - Text ****** has been set on object 'Object Repository/Page_PSTO webMessenger - Zalogowano/input_Zmien haslo_editPass'

2021-12-22 00:17:59 - [TEST_STEP][PASSED] - setEncryptedText(findTestObject("Page_PSTO webMessenger - Zalogowano/input_Zmien haslo_editPassRepeat"), "aeHFOx8jV/A="): Text ****** has been set on object 'Object Repository/Page_PSTO webMessenger - Zalogowano/input_Zmien haslo_editPassRepeat'

2021-12-22 00:17:59 - [MESSAGE][PASSED] - Text ****** has been set on object 'Object Repository/Page_PSTO webMessenger - Zalogowano/input_Zmien haslo_editPassRepeat'

2021-12-22 00:17:59 - [TEST_STEP][PASSED] - click(findTestObject("Page_PSTO webMessenger - Zalogowano/input_Zmien haslo_changePassword")): Object: 'Object Repository/Page_PSTO webMessenger - Zalogowano/input_Zmien haslo_changePassword' is clicked on

2021-12-22 00:18:00 - [MESSAGE][PASSED] - Object: 'Object Repository/Page_PSTO webMessenger - Zalogowano/input_Zmien haslo_changePassword' is clicked on

2021-12-22 00:18:00 - [TEST_STEP][PASSED] - closeBrowser(): Browser is closed

2021-12-22 00:18:02 - [MESSAGE][PASSED] - Browser is closed]]></system-out>
         <system-err><![CDATA[]]></system-err>
      </testcase>
      <testcase name="Test Cases/komunikator testy edycja profilu/PE2" time="17.284" classname="Test Cases/komunikator testy edycja profilu/PE2" status="FAILED">
         <failure type="FAILED" message="Test Cases/komunikator testy edycja profilu/PE2 FAILED.
Reason:
com.kms.katalon.core.exception.StepFailedException: Unable to verify not equal between actual object 'HASŁO ZOSTAŁO ZMIENIONE!' and expected object 'HASŁO ZOSTAŁO ZMIENIONE!' (Root cause: com.kms.katalon.core.exception.StepFailedException: Actual object 'HASŁO ZOSTAŁO ZMIENIONE!' and expected object 'HASŁO ZOSTAŁO ZMIENIONE!' are equal
	at com.kms.katalon.core.keyword.builtin.VerifyNotEqualKeyword$_verifyNotEqual_closure1.doCall(VerifyNotEqualKeyword.groovy:58)
	at com.kms.katalon.core.keyword.builtin.VerifyNotEqualKeyword$_verifyNotEqual_closure1.call(VerifyNotEqualKeyword.groovy)
	at com.kms.katalon.core.keyword.internal.KeywordMain.runKeyword(KeywordMain.groovy:74)
	at com.kms.katalon.core.keyword.builtin.VerifyNotEqualKeyword.verifyNotEqual(VerifyNotEqualKeyword.groovy:64)
	at com.kms.katalon.core.keyword.builtin.VerifyNotEqualKeyword.execute(VerifyNotEqualKeyword.groovy:44)
	at com.kms.katalon.core.keyword.internal.KeywordExecutor.executeKeywordForPlatform(KeywordExecutor.groovy:74)
	at com.kms.katalon.core.keyword.BuiltinKeywords.verifyNotEqual(BuiltinKeywords.groovy:157)
	at PE2.run(PE2:44)
	at com.kms.katalon.core.main.ScriptEngine.run(ScriptEngine.java:194)
	at com.kms.katalon.core.main.ScriptEngine.runScriptAsRawText(ScriptEngine.java:119)
	at com.kms.katalon.core.main.TestCaseExecutor.runScript(TestCaseExecutor.java:430)
	at com.kms.katalon.core.main.TestCaseExecutor.doExecute(TestCaseExecutor.java:421)
	at com.kms.katalon.core.main.TestCaseExecutor.processExecutionPhase(TestCaseExecutor.java:400)
	at com.kms.katalon.core.main.TestCaseExecutor.accessMainPhase(TestCaseExecutor.java:392)
	at com.kms.katalon.core.main.TestCaseExecutor.execute(TestCaseExecutor.java:273)
	at com.kms.katalon.core.main.TestSuiteExecutor.accessTestCaseMainPhase(TestSuiteExecutor.java:202)
	at com.kms.katalon.core.main.TestSuiteExecutor.accessTestSuiteMainPhase(TestSuiteExecutor.java:164)
	at com.kms.katalon.core.main.TestSuiteExecutor.execute(TestSuiteExecutor.java:105)
	at com.kms.katalon.core.main.TestCaseMain.startTestSuite(TestCaseMain.java:185)
	at com.kms.katalon.core.main.TestCaseMain$startTestSuite$0.call(Unknown Source)
	at TempTestSuite1640128653683.run(TempTestSuite1640128653683.groovy:36)
)
	at com.kms.katalon.core.keyword.internal.KeywordMain.stepFailed(KeywordMain.groovy:39)
	at com.kms.katalon.core.keyword.internal.KeywordMain.stepFailed(KeywordMain.groovy)
	at com.kms.katalon.core.keyword.internal.KeywordMain.runKeyword(KeywordMain.groovy:76)
	at com.kms.katalon.core.keyword.builtin.VerifyNotEqualKeyword.verifyNotEqual(VerifyNotEqualKeyword.groovy:64)
	at com.kms.katalon.core.keyword.builtin.VerifyNotEqualKeyword.execute(VerifyNotEqualKeyword.groovy:44)
	at com.kms.katalon.core.keyword.internal.KeywordExecutor.executeKeywordForPlatform(KeywordExecutor.groovy:74)
	at com.kms.katalon.core.keyword.BuiltinKeywords.verifyNotEqual(BuiltinKeywords.groovy:157)
	at PE2.run(PE2:44)
	at com.kms.katalon.core.main.ScriptEngine.run(ScriptEngine.java:194)
	at com.kms.katalon.core.main.ScriptEngine.runScriptAsRawText(ScriptEngine.java:119)
	at com.kms.katalon.core.main.TestCaseExecutor.runScript(TestCaseExecutor.java:430)
	at com.kms.katalon.core.main.TestCaseExecutor.doExecute(TestCaseExecutor.java:421)
	at com.kms.katalon.core.main.TestCaseExecutor.processExecutionPhase(TestCaseExecutor.java:400)
	at com.kms.katalon.core.main.TestCaseExecutor.accessMainPhase(TestCaseExecutor.java:392)
	at com.kms.katalon.core.main.TestCaseExecutor.execute(TestCaseExecutor.java:273)
	at com.kms.katalon.core.main.TestSuiteExecutor.accessTestCaseMainPhase(TestSuiteExecutor.java:202)
	at com.kms.katalon.core.main.TestSuiteExecutor.accessTestSuiteMainPhase(TestSuiteExecutor.java:164)
	at com.kms.katalon.core.main.TestSuiteExecutor.execute(TestSuiteExecutor.java:105)
	at com.kms.katalon.core.main.TestCaseMain.startTestSuite(TestCaseMain.java:185)
	at com.kms.katalon.core.main.TestCaseMain$startTestSuite$0.call(Unknown Source)
	at TempTestSuite1640128653683.run(TempTestSuite1640128653683.groovy:36)
Caused by: com.kms.katalon.core.exception.StepFailedException: Actual object 'HASŁO ZOSTAŁO ZMIENIONE!' and expected object 'HASŁO ZOSTAŁO ZMIENIONE!' are equal
	at com.kms.katalon.core.keyword.builtin.VerifyNotEqualKeyword$_verifyNotEqual_closure1.doCall(VerifyNotEqualKeyword.groovy:58)
	at com.kms.katalon.core.keyword.builtin.VerifyNotEqualKeyword$_verifyNotEqual_closure1.call(VerifyNotEqualKeyword.groovy)
	at com.kms.katalon.core.keyword.internal.KeywordMain.runKeyword(KeywordMain.groovy:74)
	... 18 more
"/>
         <system-out><![CDATA[2021-12-22 00:18:02 - [TEST_CASE][FAILED] - Test Cases/komunikator testy edycja profilu/PE2: Test Cases/komunikator testy edycja profilu/PE2 FAILED.
Reason:
com.kms.katalon.core.exception.StepFailedException: Unable to verify not equal between actual object 'HASŁO ZOSTAŁO ZMIENIONE!' and expected object 'HASŁO ZOSTAŁO ZMIENIONE!' (Root cause: com.kms.katalon.core.exception.StepFailedException: Actual object 'HASŁO ZOSTAŁO ZMIENIONE!' and expected object 'HASŁO ZOSTAŁO ZMIENIONE!' are equal
	at com.kms.katalon.core.keyword.builtin.VerifyNotEqualKeyword$_verifyNotEqual_closure1.doCall(VerifyNotEqualKeyword.groovy:58)
	at com.kms.katalon.core.keyword.builtin.VerifyNotEqualKeyword$_verifyNotEqual_closure1.call(VerifyNotEqualKeyword.groovy)
	at com.kms.katalon.core.keyword.internal.KeywordMain.runKeyword(KeywordMain.groovy:74)
	at com.kms.katalon.core.keyword.builtin.VerifyNotEqualKeyword.verifyNotEqual(VerifyNotEqualKeyword.groovy:64)
	at com.kms.katalon.core.keyword.builtin.VerifyNotEqualKeyword.execute(VerifyNotEqualKeyword.groovy:44)
	at com.kms.katalon.core.keyword.internal.KeywordExecutor.executeKeywordForPlatform(KeywordExecutor.groovy:74)
	at com.kms.katalon.core.keyword.BuiltinKeywords.verifyNotEqual(BuiltinKeywords.groovy:157)
	at PE2.run(PE2:44)
	at com.kms.katalon.core.main.ScriptEngine.run(ScriptEngine.java:194)
	at com.kms.katalon.core.main.ScriptEngine.runScriptAsRawText(ScriptEngine.java:119)
	at com.kms.katalon.core.main.TestCaseExecutor.runScript(TestCaseExecutor.java:430)
	at com.kms.katalon.core.main.TestCaseExecutor.doExecute(TestCaseExecutor.java:421)
	at com.kms.katalon.core.main.TestCaseExecutor.processExecutionPhase(TestCaseExecutor.java:400)
	at com.kms.katalon.core.main.TestCaseExecutor.accessMainPhase(TestCaseExecutor.java:392)
	at com.kms.katalon.core.main.TestCaseExecutor.execute(TestCaseExecutor.java:273)
	at com.kms.katalon.core.main.TestSuiteExecutor.accessTestCaseMainPhase(TestSuiteExecutor.java:202)
	at com.kms.katalon.core.main.TestSuiteExecutor.accessTestSuiteMainPhase(TestSuiteExecutor.java:164)
	at com.kms.katalon.core.main.TestSuiteExecutor.execute(TestSuiteExecutor.java:105)
	at com.kms.katalon.core.main.TestCaseMain.startTestSuite(TestCaseMain.java:185)
	at com.kms.katalon.core.main.TestCaseMain$startTestSuite$0.call(Unknown Source)
	at TempTestSuite1640128653683.run(TempTestSuite1640128653683.groovy:36)
)
	at com.kms.katalon.core.keyword.internal.KeywordMain.stepFailed(KeywordMain.groovy:39)
	at com.kms.katalon.core.keyword.internal.KeywordMain.stepFailed(KeywordMain.groovy)
	at com.kms.katalon.core.keyword.internal.KeywordMain.runKeyword(KeywordMain.groovy:76)
	at com.kms.katalon.core.keyword.builtin.VerifyNotEqualKeyword.verifyNotEqual(VerifyNotEqualKeyword.groovy:64)
	at com.kms.katalon.core.keyword.builtin.VerifyNotEqualKeyword.execute(VerifyNotEqualKeyword.groovy:44)
	at com.kms.katalon.core.keyword.internal.KeywordExecutor.executeKeywordForPlatform(KeywordExecutor.groovy:74)
	at com.kms.katalon.core.keyword.BuiltinKeywords.verifyNotEqual(BuiltinKeywords.groovy:157)
	at PE2.run(PE2:44)
	at com.kms.katalon.core.main.ScriptEngine.run(ScriptEngine.java:194)
	at com.kms.katalon.core.main.ScriptEngine.runScriptAsRawText(ScriptEngine.java:119)
	at com.kms.katalon.core.main.TestCaseExecutor.runScript(TestCaseExecutor.java:430)
	at com.kms.katalon.core.main.TestCaseExecutor.doExecute(TestCaseExecutor.java:421)
	at com.kms.katalon.core.main.TestCaseExecutor.processExecutionPhase(TestCaseExecutor.java:400)
	at com.kms.katalon.core.main.TestCaseExecutor.accessMainPhase(TestCaseExecutor.java:392)
	at com.kms.katalon.core.main.TestCaseExecutor.execute(TestCaseExecutor.java:273)
	at com.kms.katalon.core.main.TestSuiteExecutor.accessTestCaseMainPhase(TestSuiteExecutor.java:202)
	at com.kms.katalon.core.main.TestSuiteExecutor.accessTestSuiteMainPhase(TestSuiteExecutor.java:164)
	at com.kms.katalon.core.main.TestSuiteExecutor.execute(TestSuiteExecutor.java:105)
	at com.kms.katalon.core.main.TestCaseMain.startTestSuite(TestCaseMain.java:185)
	at com.kms.katalon.core.main.TestCaseMain$startTestSuite$0.call(Unknown Source)
	at TempTestSuite1640128653683.run(TempTestSuite1640128653683.groovy:36)
Caused by: com.kms.katalon.core.exception.StepFailedException: Actual object 'HASŁO ZOSTAŁO ZMIENIONE!' and expected object 'HASŁO ZOSTAŁO ZMIENIONE!' are equal
	at com.kms.katalon.core.keyword.builtin.VerifyNotEqualKeyword$_verifyNotEqual_closure1.doCall(VerifyNotEqualKeyword.groovy:58)
	at com.kms.katalon.core.keyword.builtin.VerifyNotEqualKeyword$_verifyNotEqual_closure1.call(VerifyNotEqualKeyword.groovy)
	at com.kms.katalon.core.keyword.internal.KeywordMain.runKeyword(KeywordMain.groovy:74)
	... 18 more


2021-12-22 00:18:03 - [TEST_STEP][PASSED] - openBrowser(""): Browser is opened with url: ''

2021-12-22 00:18:03 - [MESSAGE][INFO] - Starting 'Firefox' driver

2021-12-22 00:18:03 - [MESSAGE][INFO] - Action delay is set to 0 milliseconds

2021-12-22 00:18:08 - [MESSAGE][PASSED] - Browser is opened with url: ''

2021-12-22 00:18:08 - [TEST_STEP][PASSED] - maximizeWindow(): Current window maximized

2021-12-22 00:18:08 - [MESSAGE][PASSED] - Current window maximized

2021-12-22 00:18:08 - [TEST_STEP][PASSED] - navigateToUrl("http://kmg.hcm.pl/testowanie/index.html"): Navigate to 'http://kmg.hcm.pl/testowanie/index.html' successfully

2021-12-22 00:18:10 - [MESSAGE][PASSED] - Navigate to 'http://kmg.hcm.pl/testowanie/index.html' successfully

2021-12-22 00:18:10 - [TEST_STEP][PASSED] - setText(findTestObject("Page_PSTO webMessenger/input_Zarejestruj konto_userLogin"), "ewelinah"): Text 'ewelinah' is set on object 'Object Repository/Page_PSTO webMessenger/input_Zarejestruj konto_userLogin'

2021-12-22 00:18:11 - [MESSAGE][PASSED] - Text 'ewelinah' is set on object 'Object Repository/Page_PSTO webMessenger/input_Zarejestruj konto_userLogin'

2021-12-22 00:18:11 - [TEST_STEP][PASSED] - setEncryptedText(findTestObject("Page_PSTO webMessenger/input_Zarejestruj konto_passwordLogin"), "aeHFOx8jV/A="): Text ****** has been set on object 'Object Repository/Page_PSTO webMessenger/input_Zarejestruj konto_passwordLogin'

2021-12-22 00:18:11 - [MESSAGE][PASSED] - Text ****** has been set on object 'Object Repository/Page_PSTO webMessenger/input_Zarejestruj konto_passwordLogin'

2021-12-22 00:18:11 - [TEST_STEP][PASSED] - click(findTestObject("Page_PSTO webMessenger/input_Zarejestruj konto_login")): Object: 'Object Repository/Page_PSTO webMessenger/input_Zarejestruj konto_login' is clicked on

2021-12-22 00:18:12 - [MESSAGE][PASSED] - Object: 'Object Repository/Page_PSTO webMessenger/input_Zarejestruj konto_login' is clicked on

2021-12-22 00:18:12 - [TEST_STEP][PASSED] - click(findTestObject("Page_PSTO webMessenger - Zalogowano/img_Zarejestruj konto_profile")): Object: 'Object Repository/Page_PSTO webMessenger - Zalogowano/img_Zarejestruj konto_profile' is clicked on

2021-12-22 00:18:13 - [MESSAGE][PASSED] - Object: 'Object Repository/Page_PSTO webMessenger - Zalogowano/img_Zarejestruj konto_profile' is clicked on

2021-12-22 00:18:13 - [TEST_STEP][PASSED] - setEncryptedText(findTestObject("Page_PSTO webMessenger - Zalogowano/input_Zmien haslo_oldPass"), "aeHFOx8jV/A="): Text ****** has been set on object 'Object Repository/Page_PSTO webMessenger - Zalogowano/input_Zmien haslo_oldPass'

2021-12-22 00:18:13 - [MESSAGE][PASSED] - Text ****** has been set on object 'Object Repository/Page_PSTO webMessenger - Zalogowano/input_Zmien haslo_oldPass'

2021-12-22 00:18:13 - [TEST_STEP][PASSED] - setEncryptedText(findTestObject("Page_PSTO webMessenger - Zalogowano/input_Zmien haslo_editPass"), "tzH6RvlfSTg="): Text ****** has been set on object 'Object Repository/Page_PSTO webMessenger - Zalogowano/input_Zmien haslo_editPass'

2021-12-22 00:18:14 - [MESSAGE][PASSED] - Text ****** has been set on object 'Object Repository/Page_PSTO webMessenger - Zalogowano/input_Zmien haslo_editPass'

2021-12-22 00:18:14 - [TEST_STEP][PASSED] - setEncryptedText(findTestObject("Page_PSTO webMessenger - Zalogowano/input_Zmien haslo_editPassRepeat"), "tzH6RvlfSTg="): Text ****** has been set on object 'Object Repository/Page_PSTO webMessenger - Zalogowano/input_Zmien haslo_editPassRepeat'

2021-12-22 00:18:14 - [MESSAGE][PASSED] - Text ****** has been set on object 'Object Repository/Page_PSTO webMessenger - Zalogowano/input_Zmien haslo_editPassRepeat'

2021-12-22 00:18:14 - [TEST_STEP][PASSED] - click(findTestObject("Page_PSTO webMessenger - Zalogowano/input_Zmien haslo_changePassword")): Object: 'Object Repository/Page_PSTO webMessenger - Zalogowano/input_Zmien haslo_changePassword' is clicked on

2021-12-22 00:18:15 - [MESSAGE][PASSED] - Object: 'Object Repository/Page_PSTO webMessenger - Zalogowano/input_Zmien haslo_changePassword' is clicked on

2021-12-22 00:18:15 - [TEST_STEP][PASSED] - zmienna1 = getText(findTestObject("Page_PSTO webMessenger - Zalogowano/p_Haslo zostalo zmienione"), STOP_ON_FAILURE): Text of object 'Object Repository/Page_PSTO webMessenger - Zalogowano/p_Haslo zostalo zmienione' is: 'HASŁO ZOSTAŁO ZMIENIONE!'

2021-12-22 00:18:16 - [MESSAGE][PASSED] - Text of object 'Object Repository/Page_PSTO webMessenger - Zalogowano/p_Haslo zostalo zmienione' is: 'HASŁO ZOSTAŁO ZMIENIONE!'

2021-12-22 00:18:16 - [TEST_STEP][FAILED] - verifyNotEqual(zmienna1, "HASŁO ZOSTAŁO ZMIENIONE!", CONTINUE_ON_FAILURE): Unable to verify not equal between actual object 'HASŁO ZOSTAŁO ZMIENIONE!' and expected object 'HASŁO ZOSTAŁO ZMIENIONE!' (Root cause: com.kms.katalon.core.exception.StepFailedException: Actual object 'HASŁO ZOSTAŁO ZMIENIONE!' and expected object 'HASŁO ZOSTAŁO ZMIENIONE!' are equal
	at com.kms.katalon.core.keyword.builtin.VerifyNotEqualKeyword$_verifyNotEqual_closure1.doCall(VerifyNotEqualKeyword.groovy:58)
	at com.kms.katalon.core.keyword.builtin.VerifyNotEqualKeyword$_verifyNotEqual_closure1.call(VerifyNotEqualKeyword.groovy)
	at com.kms.katalon.core.keyword.internal.KeywordMain.runKeyword(KeywordMain.groovy:74)
	at com.kms.katalon.core.keyword.builtin.VerifyNotEqualKeyword.verifyNotEqual(VerifyNotEqualKeyword.groovy:64)
	at com.kms.katalon.core.keyword.builtin.VerifyNotEqualKeyword.execute(VerifyNotEqualKeyword.groovy:44)
	at com.kms.katalon.core.keyword.internal.KeywordExecutor.executeKeywordForPlatform(KeywordExecutor.groovy:74)
	at com.kms.katalon.core.keyword.BuiltinKeywords.verifyNotEqual(BuiltinKeywords.groovy:157)
	at PE2.run(PE2:44)
	at com.kms.katalon.core.main.ScriptEngine.run(ScriptEngine.java:194)
	at com.kms.katalon.core.main.ScriptEngine.runScriptAsRawText(ScriptEngine.java:119)
	at com.kms.katalon.core.main.TestCaseExecutor.runScript(TestCaseExecutor.java:430)
	at com.kms.katalon.core.main.TestCaseExecutor.doExecute(TestCaseExecutor.java:421)
	at com.kms.katalon.core.main.TestCaseExecutor.processExecutionPhase(TestCaseExecutor.java:400)
	at com.kms.katalon.core.main.TestCaseExecutor.accessMainPhase(TestCaseExecutor.java:392)
	at com.kms.katalon.core.main.TestCaseExecutor.execute(TestCaseExecutor.java:273)
	at com.kms.katalon.core.main.TestSuiteExecutor.accessTestCaseMainPhase(TestSuiteExecutor.java:202)
	at com.kms.katalon.core.main.TestSuiteExecutor.accessTestSuiteMainPhase(TestSuiteExecutor.java:164)
	at com.kms.katalon.core.main.TestSuiteExecutor.execute(TestSuiteExecutor.java:105)
	at com.kms.katalon.core.main.TestCaseMain.startTestSuite(TestCaseMain.java:185)
	at com.kms.katalon.core.main.TestCaseMain$startTestSuite$0.call(Unknown Source)
	at TempTestSuite1640128653683.run(TempTestSuite1640128653683.groovy:36)
)

2021-12-22 00:18:16 - [MESSAGE][FAILED] - Unable to verify not equal between actual object 'HASŁO ZOSTAŁO ZMIENIONE!' and expected object 'HASŁO ZOSTAŁO ZMIENIONE!' (Root cause: com.kms.katalon.core.exception.StepFailedException: Actual object 'HASŁO ZOSTAŁO ZMIENIONE!' and expected object 'HASŁO ZOSTAŁO ZMIENIONE!' are equal
	at com.kms.katalon.core.keyword.builtin.VerifyNotEqualKeyword$_verifyNotEqual_closure1.doCall(VerifyNotEqualKeyword.groovy:58)
	at com.kms.katalon.core.keyword.builtin.VerifyNotEqualKeyword$_verifyNotEqual_closure1.call(VerifyNotEqualKeyword.groovy)
	at com.kms.katalon.core.keyword.internal.KeywordMain.runKeyword(KeywordMain.groovy:74)
	at com.kms.katalon.core.keyword.builtin.VerifyNotEqualKeyword.verifyNotEqual(VerifyNotEqualKeyword.groovy:64)
	at com.kms.katalon.core.keyword.builtin.VerifyNotEqualKeyword.execute(VerifyNotEqualKeyword.groovy:44)
	at com.kms.katalon.core.keyword.internal.KeywordExecutor.executeKeywordForPlatform(KeywordExecutor.groovy:74)
	at com.kms.katalon.core.keyword.BuiltinKeywords.verifyNotEqual(BuiltinKeywords.groovy:157)
	at PE2.run(PE2:44)
	at com.kms.katalon.core.main.ScriptEngine.run(ScriptEngine.java:194)
	at com.kms.katalon.core.main.ScriptEngine.runScriptAsRawText(ScriptEngine.java:119)
	at com.kms.katalon.core.main.TestCaseExecutor.runScript(TestCaseExecutor.java:430)
	at com.kms.katalon.core.main.TestCaseExecutor.doExecute(TestCaseExecutor.java:421)
	at com.kms.katalon.core.main.TestCaseExecutor.processExecutionPhase(TestCaseExecutor.java:400)
	at com.kms.katalon.core.main.TestCaseExecutor.accessMainPhase(TestCaseExecutor.java:392)
	at com.kms.katalon.core.main.TestCaseExecutor.execute(TestCaseExecutor.java:273)
	at com.kms.katalon.core.main.TestSuiteExecutor.accessTestCaseMainPhase(TestSuiteExecutor.java:202)
	at com.kms.katalon.core.main.TestSuiteExecutor.accessTestSuiteMainPhase(TestSuiteExecutor.java:164)
	at com.kms.katalon.core.main.TestSuiteExecutor.execute(TestSuiteExecutor.java:105)
	at com.kms.katalon.core.main.TestCaseMain.startTestSuite(TestCaseMain.java:185)
	at com.kms.katalon.core.main.TestCaseMain$startTestSuite$0.call(Unknown Source)
	at TempTestSuite1640128653683.run(TempTestSuite1640128653683.groovy:36)
)

2021-12-22 00:18:16 - [TEST_STEP][PASSED] - setEncryptedText(findTestObject("Page_PSTO webMessenger - Zalogowano/input_Zmien haslo_oldPass"), "tzH6RvlfSTg="): Text ****** has been set on object 'Object Repository/Page_PSTO webMessenger - Zalogowano/input_Zmien haslo_oldPass'

2021-12-22 00:18:16 - [MESSAGE][PASSED] - Text ****** has been set on object 'Object Repository/Page_PSTO webMessenger - Zalogowano/input_Zmien haslo_oldPass'

2021-12-22 00:18:16 - [TEST_STEP][PASSED] - setEncryptedText(findTestObject("Page_PSTO webMessenger - Zalogowano/input_Zmien haslo_editPass"), "aeHFOx8jV/A="): Text ****** has been set on object 'Object Repository/Page_PSTO webMessenger - Zalogowano/input_Zmien haslo_editPass'

2021-12-22 00:18:17 - [MESSAGE][PASSED] - Text ****** has been set on object 'Object Repository/Page_PSTO webMessenger - Zalogowano/input_Zmien haslo_editPass'

2021-12-22 00:18:17 - [TEST_STEP][PASSED] - setEncryptedText(findTestObject("Page_PSTO webMessenger - Zalogowano/input_Zmien haslo_editPassRepeat"), "aeHFOx8jV/A="): Text ****** has been set on object 'Object Repository/Page_PSTO webMessenger - Zalogowano/input_Zmien haslo_editPassRepeat'

2021-12-22 00:18:17 - [MESSAGE][PASSED] - Text ****** has been set on object 'Object Repository/Page_PSTO webMessenger - Zalogowano/input_Zmien haslo_editPassRepeat'

2021-12-22 00:18:17 - [TEST_STEP][PASSED] - click(findTestObject("Page_PSTO webMessenger - Zalogowano/input_Zmien haslo_changePassword")): Object: 'Object Repository/Page_PSTO webMessenger - Zalogowano/input_Zmien haslo_changePassword' is clicked on

2021-12-22 00:18:18 - [MESSAGE][PASSED] - Object: 'Object Repository/Page_PSTO webMessenger - Zalogowano/input_Zmien haslo_changePassword' is clicked on

2021-12-22 00:18:18 - [TEST_STEP][PASSED] - closeBrowser(): Browser is closed

2021-12-22 00:18:19 - [MESSAGE][PASSED] - Browser is closed]]></system-out>
         <system-err><![CDATA[2021-12-22 00:18:02 - [TEST_CASE][FAILED] - Test Cases/komunikator testy edycja profilu/PE2: Test Cases/komunikator testy edycja profilu/PE2 FAILED.
Reason:
com.kms.katalon.core.exception.StepFailedException: Unable to verify not equal between actual object 'HASŁO ZOSTAŁO ZMIENIONE!' and expected object 'HASŁO ZOSTAŁO ZMIENIONE!' (Root cause: com.kms.katalon.core.exception.StepFailedException: Actual object 'HASŁO ZOSTAŁO ZMIENIONE!' and expected object 'HASŁO ZOSTAŁO ZMIENIONE!' are equal
	at com.kms.katalon.core.keyword.builtin.VerifyNotEqualKeyword$_verifyNotEqual_closure1.doCall(VerifyNotEqualKeyword.groovy:58)
	at com.kms.katalon.core.keyword.builtin.VerifyNotEqualKeyword$_verifyNotEqual_closure1.call(VerifyNotEqualKeyword.groovy)
	at com.kms.katalon.core.keyword.internal.KeywordMain.runKeyword(KeywordMain.groovy:74)
	at com.kms.katalon.core.keyword.builtin.VerifyNotEqualKeyword.verifyNotEqual(VerifyNotEqualKeyword.groovy:64)
	at com.kms.katalon.core.keyword.builtin.VerifyNotEqualKeyword.execute(VerifyNotEqualKeyword.groovy:44)
	at com.kms.katalon.core.keyword.internal.KeywordExecutor.executeKeywordForPlatform(KeywordExecutor.groovy:74)
	at com.kms.katalon.core.keyword.BuiltinKeywords.verifyNotEqual(BuiltinKeywords.groovy:157)
	at PE2.run(PE2:44)
	at com.kms.katalon.core.main.ScriptEngine.run(ScriptEngine.java:194)
	at com.kms.katalon.core.main.ScriptEngine.runScriptAsRawText(ScriptEngine.java:119)
	at com.kms.katalon.core.main.TestCaseExecutor.runScript(TestCaseExecutor.java:430)
	at com.kms.katalon.core.main.TestCaseExecutor.doExecute(TestCaseExecutor.java:421)
	at com.kms.katalon.core.main.TestCaseExecutor.processExecutionPhase(TestCaseExecutor.java:400)
	at com.kms.katalon.core.main.TestCaseExecutor.accessMainPhase(TestCaseExecutor.java:392)
	at com.kms.katalon.core.main.TestCaseExecutor.execute(TestCaseExecutor.java:273)
	at com.kms.katalon.core.main.TestSuiteExecutor.accessTestCaseMainPhase(TestSuiteExecutor.java:202)
	at com.kms.katalon.core.main.TestSuiteExecutor.accessTestSuiteMainPhase(TestSuiteExecutor.java:164)
	at com.kms.katalon.core.main.TestSuiteExecutor.execute(TestSuiteExecutor.java:105)
	at com.kms.katalon.core.main.TestCaseMain.startTestSuite(TestCaseMain.java:185)
	at com.kms.katalon.core.main.TestCaseMain$startTestSuite$0.call(Unknown Source)
	at TempTestSuite1640128653683.run(TempTestSuite1640128653683.groovy:36)
)
	at com.kms.katalon.core.keyword.internal.KeywordMain.stepFailed(KeywordMain.groovy:39)
	at com.kms.katalon.core.keyword.internal.KeywordMain.stepFailed(KeywordMain.groovy)
	at com.kms.katalon.core.keyword.internal.KeywordMain.runKeyword(KeywordMain.groovy:76)
	at com.kms.katalon.core.keyword.builtin.VerifyNotEqualKeyword.verifyNotEqual(VerifyNotEqualKeyword.groovy:64)
	at com.kms.katalon.core.keyword.builtin.VerifyNotEqualKeyword.execute(VerifyNotEqualKeyword.groovy:44)
	at com.kms.katalon.core.keyword.internal.KeywordExecutor.executeKeywordForPlatform(KeywordExecutor.groovy:74)
	at com.kms.katalon.core.keyword.BuiltinKeywords.verifyNotEqual(BuiltinKeywords.groovy:157)
	at PE2.run(PE2:44)
	at com.kms.katalon.core.main.ScriptEngine.run(ScriptEngine.java:194)
	at com.kms.katalon.core.main.ScriptEngine.runScriptAsRawText(ScriptEngine.java:119)
	at com.kms.katalon.core.main.TestCaseExecutor.runScript(TestCaseExecutor.java:430)
	at com.kms.katalon.core.main.TestCaseExecutor.doExecute(TestCaseExecutor.java:421)
	at com.kms.katalon.core.main.TestCaseExecutor.processExecutionPhase(TestCaseExecutor.java:400)
	at com.kms.katalon.core.main.TestCaseExecutor.accessMainPhase(TestCaseExecutor.java:392)
	at com.kms.katalon.core.main.TestCaseExecutor.execute(TestCaseExecutor.java:273)
	at com.kms.katalon.core.main.TestSuiteExecutor.accessTestCaseMainPhase(TestSuiteExecutor.java:202)
	at com.kms.katalon.core.main.TestSuiteExecutor.accessTestSuiteMainPhase(TestSuiteExecutor.java:164)
	at com.kms.katalon.core.main.TestSuiteExecutor.execute(TestSuiteExecutor.java:105)
	at com.kms.katalon.core.main.TestCaseMain.startTestSuite(TestCaseMain.java:185)
	at com.kms.katalon.core.main.TestCaseMain$startTestSuite$0.call(Unknown Source)
	at TempTestSuite1640128653683.run(TempTestSuite1640128653683.groovy:36)
Caused by: com.kms.katalon.core.exception.StepFailedException: Actual object 'HASŁO ZOSTAŁO ZMIENIONE!' and expected object 'HASŁO ZOSTAŁO ZMIENIONE!' are equal
	at com.kms.katalon.core.keyword.builtin.VerifyNotEqualKeyword$_verifyNotEqual_closure1.doCall(VerifyNotEqualKeyword.groovy:58)
	at com.kms.katalon.core.keyword.builtin.VerifyNotEqualKeyword$_verifyNotEqual_closure1.call(VerifyNotEqualKeyword.groovy)
	at com.kms.katalon.core.keyword.internal.KeywordMain.runKeyword(KeywordMain.groovy:74)
	... 18 more]]></system-err>
      </testcase>
      <testcase name="Test Cases/komunikator testy edycja profilu/PE3" time="15.192" classname="Test Cases/komunikator testy edycja profilu/PE3" status="FAILED">
         <failure type="FAILED" message="Test Cases/komunikator testy edycja profilu/PE3 FAILED.
Reason:
com.kms.katalon.core.exception.StepFailedException: Unable to verify not equal between actual object 'HASŁO ZOSTAŁO ZMIENIONE!' and expected object 'HASŁO ZOSTAŁO ZMIENIONE!' (Root cause: com.kms.katalon.core.exception.StepFailedException: Actual object 'HASŁO ZOSTAŁO ZMIENIONE!' and expected object 'HASŁO ZOSTAŁO ZMIENIONE!' are equal
	at com.kms.katalon.core.keyword.builtin.VerifyNotEqualKeyword$_verifyNotEqual_closure1.doCall(VerifyNotEqualKeyword.groovy:58)
	at com.kms.katalon.core.keyword.builtin.VerifyNotEqualKeyword$_verifyNotEqual_closure1.call(VerifyNotEqualKeyword.groovy)
	at com.kms.katalon.core.keyword.internal.KeywordMain.runKeyword(KeywordMain.groovy:74)
	at com.kms.katalon.core.keyword.builtin.VerifyNotEqualKeyword.verifyNotEqual(VerifyNotEqualKeyword.groovy:64)
	at com.kms.katalon.core.keyword.builtin.VerifyNotEqualKeyword.execute(VerifyNotEqualKeyword.groovy:44)
	at com.kms.katalon.core.keyword.internal.KeywordExecutor.executeKeywordForPlatform(KeywordExecutor.groovy:74)
	at com.kms.katalon.core.keyword.BuiltinKeywords.verifyNotEqual(BuiltinKeywords.groovy:157)
	at PE3.run(PE3:44)
	at com.kms.katalon.core.main.ScriptEngine.run(ScriptEngine.java:194)
	at com.kms.katalon.core.main.ScriptEngine.runScriptAsRawText(ScriptEngine.java:119)
	at com.kms.katalon.core.main.TestCaseExecutor.runScript(TestCaseExecutor.java:430)
	at com.kms.katalon.core.main.TestCaseExecutor.doExecute(TestCaseExecutor.java:421)
	at com.kms.katalon.core.main.TestCaseExecutor.processExecutionPhase(TestCaseExecutor.java:400)
	at com.kms.katalon.core.main.TestCaseExecutor.accessMainPhase(TestCaseExecutor.java:392)
	at com.kms.katalon.core.main.TestCaseExecutor.execute(TestCaseExecutor.java:273)
	at com.kms.katalon.core.main.TestSuiteExecutor.accessTestCaseMainPhase(TestSuiteExecutor.java:202)
	at com.kms.katalon.core.main.TestSuiteExecutor.accessTestSuiteMainPhase(TestSuiteExecutor.java:164)
	at com.kms.katalon.core.main.TestSuiteExecutor.execute(TestSuiteExecutor.java:105)
	at com.kms.katalon.core.main.TestCaseMain.startTestSuite(TestCaseMain.java:185)
	at com.kms.katalon.core.main.TestCaseMain$startTestSuite$0.call(Unknown Source)
	at TempTestSuite1640128653683.run(TempTestSuite1640128653683.groovy:36)
)
	at com.kms.katalon.core.keyword.internal.KeywordMain.stepFailed(KeywordMain.groovy:39)
	at com.kms.katalon.core.keyword.internal.KeywordMain.stepFailed(KeywordMain.groovy)
	at com.kms.katalon.core.keyword.internal.KeywordMain.runKeyword(KeywordMain.groovy:76)
	at com.kms.katalon.core.keyword.builtin.VerifyNotEqualKeyword.verifyNotEqual(VerifyNotEqualKeyword.groovy:64)
	at com.kms.katalon.core.keyword.builtin.VerifyNotEqualKeyword.execute(VerifyNotEqualKeyword.groovy:44)
	at com.kms.katalon.core.keyword.internal.KeywordExecutor.executeKeywordForPlatform(KeywordExecutor.groovy:74)
	at com.kms.katalon.core.keyword.BuiltinKeywords.verifyNotEqual(BuiltinKeywords.groovy:157)
	at PE3.run(PE3:44)
	at com.kms.katalon.core.main.ScriptEngine.run(ScriptEngine.java:194)
	at com.kms.katalon.core.main.ScriptEngine.runScriptAsRawText(ScriptEngine.java:119)
	at com.kms.katalon.core.main.TestCaseExecutor.runScript(TestCaseExecutor.java:430)
	at com.kms.katalon.core.main.TestCaseExecutor.doExecute(TestCaseExecutor.java:421)
	at com.kms.katalon.core.main.TestCaseExecutor.processExecutionPhase(TestCaseExecutor.java:400)
	at com.kms.katalon.core.main.TestCaseExecutor.accessMainPhase(TestCaseExecutor.java:392)
	at com.kms.katalon.core.main.TestCaseExecutor.execute(TestCaseExecutor.java:273)
	at com.kms.katalon.core.main.TestSuiteExecutor.accessTestCaseMainPhase(TestSuiteExecutor.java:202)
	at com.kms.katalon.core.main.TestSuiteExecutor.accessTestSuiteMainPhase(TestSuiteExecutor.java:164)
	at com.kms.katalon.core.main.TestSuiteExecutor.execute(TestSuiteExecutor.java:105)
	at com.kms.katalon.core.main.TestCaseMain.startTestSuite(TestCaseMain.java:185)
	at com.kms.katalon.core.main.TestCaseMain$startTestSuite$0.call(Unknown Source)
	at TempTestSuite1640128653683.run(TempTestSuite1640128653683.groovy:36)
Caused by: com.kms.katalon.core.exception.StepFailedException: Actual object 'HASŁO ZOSTAŁO ZMIENIONE!' and expected object 'HASŁO ZOSTAŁO ZMIENIONE!' are equal
	at com.kms.katalon.core.keyword.builtin.VerifyNotEqualKeyword$_verifyNotEqual_closure1.doCall(VerifyNotEqualKeyword.groovy:58)
	at com.kms.katalon.core.keyword.builtin.VerifyNotEqualKeyword$_verifyNotEqual_closure1.call(VerifyNotEqualKeyword.groovy)
	at com.kms.katalon.core.keyword.internal.KeywordMain.runKeyword(KeywordMain.groovy:74)
	... 18 more
"/>
         <system-out><![CDATA[2021-12-22 00:18:19 - [TEST_CASE][FAILED] - Test Cases/komunikator testy edycja profilu/PE3: Test Cases/komunikator testy edycja profilu/PE3 FAILED.
Reason:
com.kms.katalon.core.exception.StepFailedException: Unable to verify not equal between actual object 'HASŁO ZOSTAŁO ZMIENIONE!' and expected object 'HASŁO ZOSTAŁO ZMIENIONE!' (Root cause: com.kms.katalon.core.exception.StepFailedException: Actual object 'HASŁO ZOSTAŁO ZMIENIONE!' and expected object 'HASŁO ZOSTAŁO ZMIENIONE!' are equal
	at com.kms.katalon.core.keyword.builtin.VerifyNotEqualKeyword$_verifyNotEqual_closure1.doCall(VerifyNotEqualKeyword.groovy:58)
	at com.kms.katalon.core.keyword.builtin.VerifyNotEqualKeyword$_verifyNotEqual_closure1.call(VerifyNotEqualKeyword.groovy)
	at com.kms.katalon.core.keyword.internal.KeywordMain.runKeyword(KeywordMain.groovy:74)
	at com.kms.katalon.core.keyword.builtin.VerifyNotEqualKeyword.verifyNotEqual(VerifyNotEqualKeyword.groovy:64)
	at com.kms.katalon.core.keyword.builtin.VerifyNotEqualKeyword.execute(VerifyNotEqualKeyword.groovy:44)
	at com.kms.katalon.core.keyword.internal.KeywordExecutor.executeKeywordForPlatform(KeywordExecutor.groovy:74)
	at com.kms.katalon.core.keyword.BuiltinKeywords.verifyNotEqual(BuiltinKeywords.groovy:157)
	at PE3.run(PE3:44)
	at com.kms.katalon.core.main.ScriptEngine.run(ScriptEngine.java:194)
	at com.kms.katalon.core.main.ScriptEngine.runScriptAsRawText(ScriptEngine.java:119)
	at com.kms.katalon.core.main.TestCaseExecutor.runScript(TestCaseExecutor.java:430)
	at com.kms.katalon.core.main.TestCaseExecutor.doExecute(TestCaseExecutor.java:421)
	at com.kms.katalon.core.main.TestCaseExecutor.processExecutionPhase(TestCaseExecutor.java:400)
	at com.kms.katalon.core.main.TestCaseExecutor.accessMainPhase(TestCaseExecutor.java:392)
	at com.kms.katalon.core.main.TestCaseExecutor.execute(TestCaseExecutor.java:273)
	at com.kms.katalon.core.main.TestSuiteExecutor.accessTestCaseMainPhase(TestSuiteExecutor.java:202)
	at com.kms.katalon.core.main.TestSuiteExecutor.accessTestSuiteMainPhase(TestSuiteExecutor.java:164)
	at com.kms.katalon.core.main.TestSuiteExecutor.execute(TestSuiteExecutor.java:105)
	at com.kms.katalon.core.main.TestCaseMain.startTestSuite(TestCaseMain.java:185)
	at com.kms.katalon.core.main.TestCaseMain$startTestSuite$0.call(Unknown Source)
	at TempTestSuite1640128653683.run(TempTestSuite1640128653683.groovy:36)
)
	at com.kms.katalon.core.keyword.internal.KeywordMain.stepFailed(KeywordMain.groovy:39)
	at com.kms.katalon.core.keyword.internal.KeywordMain.stepFailed(KeywordMain.groovy)
	at com.kms.katalon.core.keyword.internal.KeywordMain.runKeyword(KeywordMain.groovy:76)
	at com.kms.katalon.core.keyword.builtin.VerifyNotEqualKeyword.verifyNotEqual(VerifyNotEqualKeyword.groovy:64)
	at com.kms.katalon.core.keyword.builtin.VerifyNotEqualKeyword.execute(VerifyNotEqualKeyword.groovy:44)
	at com.kms.katalon.core.keyword.internal.KeywordExecutor.executeKeywordForPlatform(KeywordExecutor.groovy:74)
	at com.kms.katalon.core.keyword.BuiltinKeywords.verifyNotEqual(BuiltinKeywords.groovy:157)
	at PE3.run(PE3:44)
	at com.kms.katalon.core.main.ScriptEngine.run(ScriptEngine.java:194)
	at com.kms.katalon.core.main.ScriptEngine.runScriptAsRawText(ScriptEngine.java:119)
	at com.kms.katalon.core.main.TestCaseExecutor.runScript(TestCaseExecutor.java:430)
	at com.kms.katalon.core.main.TestCaseExecutor.doExecute(TestCaseExecutor.java:421)
	at com.kms.katalon.core.main.TestCaseExecutor.processExecutionPhase(TestCaseExecutor.java:400)
	at com.kms.katalon.core.main.TestCaseExecutor.accessMainPhase(TestCaseExecutor.java:392)
	at com.kms.katalon.core.main.TestCaseExecutor.execute(TestCaseExecutor.java:273)
	at com.kms.katalon.core.main.TestSuiteExecutor.accessTestCaseMainPhase(TestSuiteExecutor.java:202)
	at com.kms.katalon.core.main.TestSuiteExecutor.accessTestSuiteMainPhase(TestSuiteExecutor.java:164)
	at com.kms.katalon.core.main.TestSuiteExecutor.execute(TestSuiteExecutor.java:105)
	at com.kms.katalon.core.main.TestCaseMain.startTestSuite(TestCaseMain.java:185)
	at com.kms.katalon.core.main.TestCaseMain$startTestSuite$0.call(Unknown Source)
	at TempTestSuite1640128653683.run(TempTestSuite1640128653683.groovy:36)
Caused by: com.kms.katalon.core.exception.StepFailedException: Actual object 'HASŁO ZOSTAŁO ZMIENIONE!' and expected object 'HASŁO ZOSTAŁO ZMIENIONE!' are equal
	at com.kms.katalon.core.keyword.builtin.VerifyNotEqualKeyword$_verifyNotEqual_closure1.doCall(VerifyNotEqualKeyword.groovy:58)
	at com.kms.katalon.core.keyword.builtin.VerifyNotEqualKeyword$_verifyNotEqual_closure1.call(VerifyNotEqualKeyword.groovy)
	at com.kms.katalon.core.keyword.internal.KeywordMain.runKeyword(KeywordMain.groovy:74)
	... 18 more


2021-12-22 00:18:20 - [TEST_STEP][PASSED] - openBrowser(""): Browser is opened with url: ''

2021-12-22 00:18:20 - [MESSAGE][INFO] - Starting 'Firefox' driver

2021-12-22 00:18:20 - [MESSAGE][INFO] - Action delay is set to 0 milliseconds

2021-12-22 00:18:25 - [MESSAGE][PASSED] - Browser is opened with url: ''

2021-12-22 00:18:25 - [TEST_STEP][PASSED] - maximizeWindow(): Current window maximized

2021-12-22 00:18:25 - [MESSAGE][PASSED] - Current window maximized

2021-12-22 00:18:25 - [TEST_STEP][PASSED] - navigateToUrl("http://kmg.hcm.pl/testowanie/index.html"): Navigate to 'http://kmg.hcm.pl/testowanie/index.html' successfully

2021-12-22 00:18:27 - [MESSAGE][PASSED] - Navigate to 'http://kmg.hcm.pl/testowanie/index.html' successfully

2021-12-22 00:18:27 - [TEST_STEP][PASSED] - setText(findTestObject("Page_PSTO webMessenger/input_Zarejestruj konto_userLogin"), "ewelinah"): Text 'ewelinah' is set on object 'Object Repository/Page_PSTO webMessenger/input_Zarejestruj konto_userLogin'

2021-12-22 00:18:28 - [MESSAGE][PASSED] - Text 'ewelinah' is set on object 'Object Repository/Page_PSTO webMessenger/input_Zarejestruj konto_userLogin'

2021-12-22 00:18:28 - [TEST_STEP][PASSED] - setEncryptedText(findTestObject("Page_PSTO webMessenger/input_Zarejestruj konto_passwordLogin"), "aeHFOx8jV/A="): Text ****** has been set on object 'Object Repository/Page_PSTO webMessenger/input_Zarejestruj konto_passwordLogin'

2021-12-22 00:18:29 - [MESSAGE][PASSED] - Text ****** has been set on object 'Object Repository/Page_PSTO webMessenger/input_Zarejestruj konto_passwordLogin'

2021-12-22 00:18:29 - [TEST_STEP][PASSED] - click(findTestObject("Page_PSTO webMessenger/input_Zarejestruj konto_login")): Object: 'Object Repository/Page_PSTO webMessenger/input_Zarejestruj konto_login' is clicked on

2021-12-22 00:18:29 - [MESSAGE][PASSED] - Object: 'Object Repository/Page_PSTO webMessenger/input_Zarejestruj konto_login' is clicked on

2021-12-22 00:18:29 - [TEST_STEP][PASSED] - click(findTestObject("Page_PSTO webMessenger - Zalogowano/img_Zarejestruj konto_profile")): Object: 'Object Repository/Page_PSTO webMessenger - Zalogowano/img_Zarejestruj konto_profile' is clicked on

2021-12-22 00:18:30 - [MESSAGE][PASSED] - Object: 'Object Repository/Page_PSTO webMessenger - Zalogowano/img_Zarejestruj konto_profile' is clicked on

2021-12-22 00:18:30 - [TEST_STEP][PASSED] - setEncryptedText(findTestObject("Page_PSTO webMessenger - Zalogowano/input_Zmien haslo_oldPass"), "aeHFOx8jV/A="): Text ****** has been set on object 'Object Repository/Page_PSTO webMessenger - Zalogowano/input_Zmien haslo_oldPass'

2021-12-22 00:18:30 - [MESSAGE][PASSED] - Text ****** has been set on object 'Object Repository/Page_PSTO webMessenger - Zalogowano/input_Zmien haslo_oldPass'

2021-12-22 00:18:30 - [TEST_STEP][PASSED] - setEncryptedText(findTestObject("Page_PSTO webMessenger - Zalogowano/input_Zmien haslo_editPass"), "aeHFOx8jV/A="): Text ****** has been set on object 'Object Repository/Page_PSTO webMessenger - Zalogowano/input_Zmien haslo_editPass'

2021-12-22 00:18:31 - [MESSAGE][PASSED] - Text ****** has been set on object 'Object Repository/Page_PSTO webMessenger - Zalogowano/input_Zmien haslo_editPass'

2021-12-22 00:18:31 - [TEST_STEP][PASSED] - setEncryptedText(findTestObject("Page_PSTO webMessenger - Zalogowano/input_Zmien haslo_editPassRepeat"), "aeHFOx8jV/A="): Text ****** has been set on object 'Object Repository/Page_PSTO webMessenger - Zalogowano/input_Zmien haslo_editPassRepeat'

2021-12-22 00:18:31 - [MESSAGE][PASSED] - Text ****** has been set on object 'Object Repository/Page_PSTO webMessenger - Zalogowano/input_Zmien haslo_editPassRepeat'

2021-12-22 00:18:31 - [TEST_STEP][PASSED] - click(findTestObject("Page_PSTO webMessenger - Zalogowano/input_Zmien haslo_changePassword")): Object: 'Object Repository/Page_PSTO webMessenger - Zalogowano/input_Zmien haslo_changePassword' is clicked on

2021-12-22 00:18:32 - [MESSAGE][PASSED] - Object: 'Object Repository/Page_PSTO webMessenger - Zalogowano/input_Zmien haslo_changePassword' is clicked on

2021-12-22 00:18:32 - [TEST_STEP][PASSED] - zmienna1 = getText(findTestObject("Page_PSTO webMessenger - Zalogowano/p_Haslo zostalo zmienione")): Text of object 'Object Repository/Page_PSTO webMessenger - Zalogowano/p_Haslo zostalo zmienione' is: 'HASŁO ZOSTAŁO ZMIENIONE!'

2021-12-22 00:18:33 - [MESSAGE][PASSED] - Text of object 'Object Repository/Page_PSTO webMessenger - Zalogowano/p_Haslo zostalo zmienione' is: 'HASŁO ZOSTAŁO ZMIENIONE!'

2021-12-22 00:18:33 - [TEST_STEP][FAILED] - verifyNotEqual(zmienna1, "HASŁO ZOSTAŁO ZMIENIONE!", CONTINUE_ON_FAILURE): Unable to verify not equal between actual object 'HASŁO ZOSTAŁO ZMIENIONE!' and expected object 'HASŁO ZOSTAŁO ZMIENIONE!' (Root cause: com.kms.katalon.core.exception.StepFailedException: Actual object 'HASŁO ZOSTAŁO ZMIENIONE!' and expected object 'HASŁO ZOSTAŁO ZMIENIONE!' are equal
	at com.kms.katalon.core.keyword.builtin.VerifyNotEqualKeyword$_verifyNotEqual_closure1.doCall(VerifyNotEqualKeyword.groovy:58)
	at com.kms.katalon.core.keyword.builtin.VerifyNotEqualKeyword$_verifyNotEqual_closure1.call(VerifyNotEqualKeyword.groovy)
	at com.kms.katalon.core.keyword.internal.KeywordMain.runKeyword(KeywordMain.groovy:74)
	at com.kms.katalon.core.keyword.builtin.VerifyNotEqualKeyword.verifyNotEqual(VerifyNotEqualKeyword.groovy:64)
	at com.kms.katalon.core.keyword.builtin.VerifyNotEqualKeyword.execute(VerifyNotEqualKeyword.groovy:44)
	at com.kms.katalon.core.keyword.internal.KeywordExecutor.executeKeywordForPlatform(KeywordExecutor.groovy:74)
	at com.kms.katalon.core.keyword.BuiltinKeywords.verifyNotEqual(BuiltinKeywords.groovy:157)
	at PE3.run(PE3:44)
	at com.kms.katalon.core.main.ScriptEngine.run(ScriptEngine.java:194)
	at com.kms.katalon.core.main.ScriptEngine.runScriptAsRawText(ScriptEngine.java:119)
	at com.kms.katalon.core.main.TestCaseExecutor.runScript(TestCaseExecutor.java:430)
	at com.kms.katalon.core.main.TestCaseExecutor.doExecute(TestCaseExecutor.java:421)
	at com.kms.katalon.core.main.TestCaseExecutor.processExecutionPhase(TestCaseExecutor.java:400)
	at com.kms.katalon.core.main.TestCaseExecutor.accessMainPhase(TestCaseExecutor.java:392)
	at com.kms.katalon.core.main.TestCaseExecutor.execute(TestCaseExecutor.java:273)
	at com.kms.katalon.core.main.TestSuiteExecutor.accessTestCaseMainPhase(TestSuiteExecutor.java:202)
	at com.kms.katalon.core.main.TestSuiteExecutor.accessTestSuiteMainPhase(TestSuiteExecutor.java:164)
	at com.kms.katalon.core.main.TestSuiteExecutor.execute(TestSuiteExecutor.java:105)
	at com.kms.katalon.core.main.TestCaseMain.startTestSuite(TestCaseMain.java:185)
	at com.kms.katalon.core.main.TestCaseMain$startTestSuite$0.call(Unknown Source)
	at TempTestSuite1640128653683.run(TempTestSuite1640128653683.groovy:36)
)

2021-12-22 00:18:33 - [MESSAGE][FAILED] - Unable to verify not equal between actual object 'HASŁO ZOSTAŁO ZMIENIONE!' and expected object 'HASŁO ZOSTAŁO ZMIENIONE!' (Root cause: com.kms.katalon.core.exception.StepFailedException: Actual object 'HASŁO ZOSTAŁO ZMIENIONE!' and expected object 'HASŁO ZOSTAŁO ZMIENIONE!' are equal
	at com.kms.katalon.core.keyword.builtin.VerifyNotEqualKeyword$_verifyNotEqual_closure1.doCall(VerifyNotEqualKeyword.groovy:58)
	at com.kms.katalon.core.keyword.builtin.VerifyNotEqualKeyword$_verifyNotEqual_closure1.call(VerifyNotEqualKeyword.groovy)
	at com.kms.katalon.core.keyword.internal.KeywordMain.runKeyword(KeywordMain.groovy:74)
	at com.kms.katalon.core.keyword.builtin.VerifyNotEqualKeyword.verifyNotEqual(VerifyNotEqualKeyword.groovy:64)
	at com.kms.katalon.core.keyword.builtin.VerifyNotEqualKeyword.execute(VerifyNotEqualKeyword.groovy:44)
	at com.kms.katalon.core.keyword.internal.KeywordExecutor.executeKeywordForPlatform(KeywordExecutor.groovy:74)
	at com.kms.katalon.core.keyword.BuiltinKeywords.verifyNotEqual(BuiltinKeywords.groovy:157)
	at PE3.run(PE3:44)
	at com.kms.katalon.core.main.ScriptEngine.run(ScriptEngine.java:194)
	at com.kms.katalon.core.main.ScriptEngine.runScriptAsRawText(ScriptEngine.java:119)
	at com.kms.katalon.core.main.TestCaseExecutor.runScript(TestCaseExecutor.java:430)
	at com.kms.katalon.core.main.TestCaseExecutor.doExecute(TestCaseExecutor.java:421)
	at com.kms.katalon.core.main.TestCaseExecutor.processExecutionPhase(TestCaseExecutor.java:400)
	at com.kms.katalon.core.main.TestCaseExecutor.accessMainPhase(TestCaseExecutor.java:392)
	at com.kms.katalon.core.main.TestCaseExecutor.execute(TestCaseExecutor.java:273)
	at com.kms.katalon.core.main.TestSuiteExecutor.accessTestCaseMainPhase(TestSuiteExecutor.java:202)
	at com.kms.katalon.core.main.TestSuiteExecutor.accessTestSuiteMainPhase(TestSuiteExecutor.java:164)
	at com.kms.katalon.core.main.TestSuiteExecutor.execute(TestSuiteExecutor.java:105)
	at com.kms.katalon.core.main.TestCaseMain.startTestSuite(TestCaseMain.java:185)
	at com.kms.katalon.core.main.TestCaseMain$startTestSuite$0.call(Unknown Source)
	at TempTestSuite1640128653683.run(TempTestSuite1640128653683.groovy:36)
)

2021-12-22 00:18:33 - [TEST_STEP][PASSED] - closeBrowser(): Browser is closed

2021-12-22 00:18:34 - [MESSAGE][PASSED] - Browser is closed]]></system-out>
         <system-err><![CDATA[2021-12-22 00:18:19 - [TEST_CASE][FAILED] - Test Cases/komunikator testy edycja profilu/PE3: Test Cases/komunikator testy edycja profilu/PE3 FAILED.
Reason:
com.kms.katalon.core.exception.StepFailedException: Unable to verify not equal between actual object 'HASŁO ZOSTAŁO ZMIENIONE!' and expected object 'HASŁO ZOSTAŁO ZMIENIONE!' (Root cause: com.kms.katalon.core.exception.StepFailedException: Actual object 'HASŁO ZOSTAŁO ZMIENIONE!' and expected object 'HASŁO ZOSTAŁO ZMIENIONE!' are equal
	at com.kms.katalon.core.keyword.builtin.VerifyNotEqualKeyword$_verifyNotEqual_closure1.doCall(VerifyNotEqualKeyword.groovy:58)
	at com.kms.katalon.core.keyword.builtin.VerifyNotEqualKeyword$_verifyNotEqual_closure1.call(VerifyNotEqualKeyword.groovy)
	at com.kms.katalon.core.keyword.internal.KeywordMain.runKeyword(KeywordMain.groovy:74)
	at com.kms.katalon.core.keyword.builtin.VerifyNotEqualKeyword.verifyNotEqual(VerifyNotEqualKeyword.groovy:64)
	at com.kms.katalon.core.keyword.builtin.VerifyNotEqualKeyword.execute(VerifyNotEqualKeyword.groovy:44)
	at com.kms.katalon.core.keyword.internal.KeywordExecutor.executeKeywordForPlatform(KeywordExecutor.groovy:74)
	at com.kms.katalon.core.keyword.BuiltinKeywords.verifyNotEqual(BuiltinKeywords.groovy:157)
	at PE3.run(PE3:44)
	at com.kms.katalon.core.main.ScriptEngine.run(ScriptEngine.java:194)
	at com.kms.katalon.core.main.ScriptEngine.runScriptAsRawText(ScriptEngine.java:119)
	at com.kms.katalon.core.main.TestCaseExecutor.runScript(TestCaseExecutor.java:430)
	at com.kms.katalon.core.main.TestCaseExecutor.doExecute(TestCaseExecutor.java:421)
	at com.kms.katalon.core.main.TestCaseExecutor.processExecutionPhase(TestCaseExecutor.java:400)
	at com.kms.katalon.core.main.TestCaseExecutor.accessMainPhase(TestCaseExecutor.java:392)
	at com.kms.katalon.core.main.TestCaseExecutor.execute(TestCaseExecutor.java:273)
	at com.kms.katalon.core.main.TestSuiteExecutor.accessTestCaseMainPhase(TestSuiteExecutor.java:202)
	at com.kms.katalon.core.main.TestSuiteExecutor.accessTestSuiteMainPhase(TestSuiteExecutor.java:164)
	at com.kms.katalon.core.main.TestSuiteExecutor.execute(TestSuiteExecutor.java:105)
	at com.kms.katalon.core.main.TestCaseMain.startTestSuite(TestCaseMain.java:185)
	at com.kms.katalon.core.main.TestCaseMain$startTestSuite$0.call(Unknown Source)
	at TempTestSuite1640128653683.run(TempTestSuite1640128653683.groovy:36)
)
	at com.kms.katalon.core.keyword.internal.KeywordMain.stepFailed(KeywordMain.groovy:39)
	at com.kms.katalon.core.keyword.internal.KeywordMain.stepFailed(KeywordMain.groovy)
	at com.kms.katalon.core.keyword.internal.KeywordMain.runKeyword(KeywordMain.groovy:76)
	at com.kms.katalon.core.keyword.builtin.VerifyNotEqualKeyword.verifyNotEqual(VerifyNotEqualKeyword.groovy:64)
	at com.kms.katalon.core.keyword.builtin.VerifyNotEqualKeyword.execute(VerifyNotEqualKeyword.groovy:44)
	at com.kms.katalon.core.keyword.internal.KeywordExecutor.executeKeywordForPlatform(KeywordExecutor.groovy:74)
	at com.kms.katalon.core.keyword.BuiltinKeywords.verifyNotEqual(BuiltinKeywords.groovy:157)
	at PE3.run(PE3:44)
	at com.kms.katalon.core.main.ScriptEngine.run(ScriptEngine.java:194)
	at com.kms.katalon.core.main.ScriptEngine.runScriptAsRawText(ScriptEngine.java:119)
	at com.kms.katalon.core.main.TestCaseExecutor.runScript(TestCaseExecutor.java:430)
	at com.kms.katalon.core.main.TestCaseExecutor.doExecute(TestCaseExecutor.java:421)
	at com.kms.katalon.core.main.TestCaseExecutor.processExecutionPhase(TestCaseExecutor.java:400)
	at com.kms.katalon.core.main.TestCaseExecutor.accessMainPhase(TestCaseExecutor.java:392)
	at com.kms.katalon.core.main.TestCaseExecutor.execute(TestCaseExecutor.java:273)
	at com.kms.katalon.core.main.TestSuiteExecutor.accessTestCaseMainPhase(TestSuiteExecutor.java:202)
	at com.kms.katalon.core.main.TestSuiteExecutor.accessTestSuiteMainPhase(TestSuiteExecutor.java:164)
	at com.kms.katalon.core.main.TestSuiteExecutor.execute(TestSuiteExecutor.java:105)
	at com.kms.katalon.core.main.TestCaseMain.startTestSuite(TestCaseMain.java:185)
	at com.kms.katalon.core.main.TestCaseMain$startTestSuite$0.call(Unknown Source)
	at TempTestSuite1640128653683.run(TempTestSuite1640128653683.groovy:36)
Caused by: com.kms.katalon.core.exception.StepFailedException: Actual object 'HASŁO ZOSTAŁO ZMIENIONE!' and expected object 'HASŁO ZOSTAŁO ZMIENIONE!' are equal
	at com.kms.katalon.core.keyword.builtin.VerifyNotEqualKeyword$_verifyNotEqual_closure1.doCall(VerifyNotEqualKeyword.groovy:58)
	at com.kms.katalon.core.keyword.builtin.VerifyNotEqualKeyword$_verifyNotEqual_closure1.call(VerifyNotEqualKeyword.groovy)
	at com.kms.katalon.core.keyword.internal.KeywordMain.runKeyword(KeywordMain.groovy:74)
	... 18 more]]></system-err>
      </testcase>
      <testcase name="Test Cases/komunikator testy edycja profilu/PE4" time="15.235" classname="Test Cases/komunikator testy edycja profilu/PE4" status="PASSED">
         <system-out><![CDATA[2021-12-22 00:18:34 - [TEST_CASE][PASSED] - Test Cases/komunikator testy edycja profilu/PE4: Test Cases/komunikator testy edycja profilu/PE4

2021-12-22 00:18:35 - [TEST_STEP][PASSED] - openBrowser(""): Browser is opened with url: ''

2021-12-22 00:18:35 - [MESSAGE][INFO] - Starting 'Firefox' driver

2021-12-22 00:18:35 - [MESSAGE][INFO] - Action delay is set to 0 milliseconds

2021-12-22 00:18:41 - [MESSAGE][PASSED] - Browser is opened with url: ''

2021-12-22 00:18:41 - [TEST_STEP][PASSED] - maximizeWindow(): Current window maximized

2021-12-22 00:18:42 - [MESSAGE][PASSED] - Current window maximized

2021-12-22 00:18:42 - [TEST_STEP][PASSED] - navigateToUrl("http://kmg.hcm.pl/testowanie/index.html"): Navigate to 'http://kmg.hcm.pl/testowanie/index.html' successfully

2021-12-22 00:18:43 - [MESSAGE][PASSED] - Navigate to 'http://kmg.hcm.pl/testowanie/index.html' successfully

2021-12-22 00:18:43 - [TEST_STEP][PASSED] - setText(findTestObject("Page_PSTO webMessenger/input_Zarejestruj konto_userLogin"), "ewelinah"): Text 'ewelinah' is set on object 'Object Repository/Page_PSTO webMessenger/input_Zarejestruj konto_userLogin'

2021-12-22 00:18:44 - [MESSAGE][PASSED] - Text 'ewelinah' is set on object 'Object Repository/Page_PSTO webMessenger/input_Zarejestruj konto_userLogin'

2021-12-22 00:18:44 - [TEST_STEP][PASSED] - setEncryptedText(findTestObject("Page_PSTO webMessenger/input_Zarejestruj konto_passwordLogin"), "aeHFOx8jV/A="): Text ****** has been set on object 'Object Repository/Page_PSTO webMessenger/input_Zarejestruj konto_passwordLogin'

2021-12-22 00:18:44 - [MESSAGE][PASSED] - Text ****** has been set on object 'Object Repository/Page_PSTO webMessenger/input_Zarejestruj konto_passwordLogin'

2021-12-22 00:18:44 - [TEST_STEP][PASSED] - click(findTestObject("Page_PSTO webMessenger/input_Zarejestruj konto_login")): Object: 'Object Repository/Page_PSTO webMessenger/input_Zarejestruj konto_login' is clicked on

2021-12-22 00:18:45 - [MESSAGE][PASSED] - Object: 'Object Repository/Page_PSTO webMessenger/input_Zarejestruj konto_login' is clicked on

2021-12-22 00:18:45 - [TEST_STEP][PASSED] - click(findTestObject("Page_PSTO webMessenger - Zalogowano/img_Zarejestruj konto_profile")): Object: 'Object Repository/Page_PSTO webMessenger - Zalogowano/img_Zarejestruj konto_profile' is clicked on

2021-12-22 00:18:46 - [MESSAGE][PASSED] - Object: 'Object Repository/Page_PSTO webMessenger - Zalogowano/img_Zarejestruj konto_profile' is clicked on

2021-12-22 00:18:46 - [TEST_STEP][PASSED] - setEncryptedText(findTestObject("Page_PSTO webMessenger - Zalogowano/input_Zmien haslo_oldPass"), "aeHFOx8jV/A="): Text ****** has been set on object 'Object Repository/Page_PSTO webMessenger - Zalogowano/input_Zmien haslo_oldPass'

2021-12-22 00:18:46 - [MESSAGE][PASSED] - Text ****** has been set on object 'Object Repository/Page_PSTO webMessenger - Zalogowano/input_Zmien haslo_oldPass'

2021-12-22 00:18:46 - [TEST_STEP][PASSED] - setEncryptedText(findTestObject("Page_PSTO webMessenger - Zalogowano/input_Zmien haslo_editPass"), "4nvbrPglk7k="): Text ****** has been set on object 'Object Repository/Page_PSTO webMessenger - Zalogowano/input_Zmien haslo_editPass'

2021-12-22 00:18:47 - [MESSAGE][PASSED] - Text ****** has been set on object 'Object Repository/Page_PSTO webMessenger - Zalogowano/input_Zmien haslo_editPass'

2021-12-22 00:18:47 - [TEST_STEP][PASSED] - setEncryptedText(findTestObject("Page_PSTO webMessenger - Zalogowano/input_Zmien haslo_editPassRepeat"), "iGDxf8hSRT4="): Text ****** has been set on object 'Object Repository/Page_PSTO webMessenger - Zalogowano/input_Zmien haslo_editPassRepeat'

2021-12-22 00:18:47 - [MESSAGE][PASSED] - Text ****** has been set on object 'Object Repository/Page_PSTO webMessenger - Zalogowano/input_Zmien haslo_editPassRepeat'

2021-12-22 00:18:47 - [TEST_STEP][PASSED] - click(findTestObject("Page_PSTO webMessenger - Zalogowano/input_Zmien haslo_changePassword")): Object: 'Object Repository/Page_PSTO webMessenger - Zalogowano/input_Zmien haslo_changePassword' is clicked on

2021-12-22 00:18:48 - [MESSAGE][PASSED] - Object: 'Object Repository/Page_PSTO webMessenger - Zalogowano/input_Zmien haslo_changePassword' is clicked on

2021-12-22 00:18:48 - [TEST_STEP][PASSED] - verifyElementText(findTestObject("Page_PSTO webMessenger - Zalogowano/p_Podane Hasla roznia sie"), "PODANE HASŁA RÓŻNIĄ SIĘ!"): Actual text and expected text of test object 'Object Repository/Page_PSTO webMessenger - Zalogowano/p_Podane Hasla roznia sie' are matched.

2021-12-22 00:18:48 - [MESSAGE][PASSED] - Actual text and expected text of test object 'Object Repository/Page_PSTO webMessenger - Zalogowano/p_Podane Hasla roznia sie' are matched.

2021-12-22 00:18:48 - [TEST_STEP][PASSED] - closeBrowser(): Browser is closed

2021-12-22 00:18:50 - [MESSAGE][PASSED] - Browser is closed]]></system-out>
         <system-err><![CDATA[]]></system-err>
      </testcase>
      <testcase name="Test Cases/komunikator testy edycja profilu/PE5" time="14.885" classname="Test Cases/komunikator testy edycja profilu/PE5" status="PASSED">
         <system-out><![CDATA[2021-12-22 00:18:50 - [TEST_CASE][PASSED] - Test Cases/komunikator testy edycja profilu/PE5: Test Cases/komunikator testy edycja profilu/PE5

2021-12-22 00:18:50 - [TEST_STEP][PASSED] - openBrowser(""): Browser is opened with url: ''

2021-12-22 00:18:50 - [MESSAGE][INFO] - Starting 'Firefox' driver

2021-12-22 00:18:50 - [MESSAGE][INFO] - Action delay is set to 0 milliseconds

2021-12-22 00:18:56 - [MESSAGE][PASSED] - Browser is opened with url: ''

2021-12-22 00:18:56 - [TEST_STEP][PASSED] - maximizeWindow(): Current window maximized

2021-12-22 00:18:56 - [MESSAGE][PASSED] - Current window maximized

2021-12-22 00:18:56 - [TEST_STEP][PASSED] - navigateToUrl("http://kmg.hcm.pl/testowanie/index.html"): Navigate to 'http://kmg.hcm.pl/testowanie/index.html' successfully

2021-12-22 00:18:58 - [MESSAGE][PASSED] - Navigate to 'http://kmg.hcm.pl/testowanie/index.html' successfully

2021-12-22 00:18:58 - [TEST_STEP][PASSED] - setText(findTestObject("Page_PSTO webMessenger/input_Zarejestruj konto_userLogin"), "ewelinah"): Text 'ewelinah' is set on object 'Object Repository/Page_PSTO webMessenger/input_Zarejestruj konto_userLogin'

2021-12-22 00:18:59 - [MESSAGE][PASSED] - Text 'ewelinah' is set on object 'Object Repository/Page_PSTO webMessenger/input_Zarejestruj konto_userLogin'

2021-12-22 00:18:59 - [TEST_STEP][PASSED] - setEncryptedText(findTestObject("Page_PSTO webMessenger/input_Zarejestruj konto_passwordLogin"), "aeHFOx8jV/A="): Text ****** has been set on object 'Object Repository/Page_PSTO webMessenger/input_Zarejestruj konto_passwordLogin'

2021-12-22 00:18:59 - [MESSAGE][PASSED] - Text ****** has been set on object 'Object Repository/Page_PSTO webMessenger/input_Zarejestruj konto_passwordLogin'

2021-12-22 00:18:59 - [TEST_STEP][PASSED] - click(findTestObject("Page_PSTO webMessenger/input_Zarejestruj konto_login")): Object: 'Object Repository/Page_PSTO webMessenger/input_Zarejestruj konto_login' is clicked on

2021-12-22 00:19:00 - [MESSAGE][PASSED] - Object: 'Object Repository/Page_PSTO webMessenger/input_Zarejestruj konto_login' is clicked on

2021-12-22 00:19:00 - [TEST_STEP][PASSED] - click(findTestObject("Page_PSTO webMessenger - Zalogowano/img_Zarejestruj konto_profile")): Object: 'Object Repository/Page_PSTO webMessenger - Zalogowano/img_Zarejestruj konto_profile' is clicked on

2021-12-22 00:19:01 - [MESSAGE][PASSED] - Object: 'Object Repository/Page_PSTO webMessenger - Zalogowano/img_Zarejestruj konto_profile' is clicked on

2021-12-22 00:19:01 - [TEST_STEP][PASSED] - setEncryptedText(findTestObject("Page_PSTO webMessenger - Zalogowano/input_Zmien haslo_oldPass"), "aeHFOx8jV/A="): Text ****** has been set on object 'Object Repository/Page_PSTO webMessenger - Zalogowano/input_Zmien haslo_oldPass'

2021-12-22 00:19:01 - [MESSAGE][PASSED] - Text ****** has been set on object 'Object Repository/Page_PSTO webMessenger - Zalogowano/input_Zmien haslo_oldPass'

2021-12-22 00:19:01 - [TEST_STEP][PASSED] - setEncryptedText(findTestObject("Page_PSTO webMessenger - Zalogowano/input_Zmien haslo_editPass"), "4nvbrPglk7k="): Text ****** has been set on object 'Object Repository/Page_PSTO webMessenger - Zalogowano/input_Zmien haslo_editPass'

2021-12-22 00:19:02 - [MESSAGE][PASSED] - Text ****** has been set on object 'Object Repository/Page_PSTO webMessenger - Zalogowano/input_Zmien haslo_editPass'

2021-12-22 00:19:02 - [TEST_STEP][PASSED] - click(findTestObject("Page_PSTO webMessenger - Zalogowano/input_Zmien haslo_changePassword")): Object: 'Object Repository/Page_PSTO webMessenger - Zalogowano/input_Zmien haslo_changePassword' is clicked on

2021-12-22 00:19:02 - [MESSAGE][PASSED] - Object: 'Object Repository/Page_PSTO webMessenger - Zalogowano/input_Zmien haslo_changePassword' is clicked on

2021-12-22 00:19:02 - [TEST_STEP][PASSED] - zmienna1 = getText(findTestObject("Page_PSTO webMessenger - Zalogowano/p_Nie wypeniono wszystkich pol Podane Hasla ronzia sie"), STOP_ON_FAILURE): Text of object 'Object Repository/Page_PSTO webMessenger - Zalogowano/p_Nie wypeniono wszystkich pol Podane Hasla ronzia sie' is: 'NIE WYPEŁNIONO WSZYSTKICH PÓL!
PODANE HASŁA RÓŻNIĄ SIĘ!'

2021-12-22 00:19:03 - [MESSAGE][PASSED] - Text of object 'Object Repository/Page_PSTO webMessenger - Zalogowano/p_Nie wypeniono wszystkich pol Podane Hasla ronzia sie' is: 'NIE WYPEŁNIONO WSZYSTKICH PÓL!
PODANE HASŁA RÓŻNIĄ SIĘ!'

2021-12-22 00:19:03 - [TEST_STEP][PASSED] - verifyMatch(zmienna1, "NIE WYPEŁNIONO WSZYSTKICH PÓL!.*", true): Actual text 'NIE WYPEŁNIONO WSZYSTKICH PÓL!
PODANE HASŁA RÓŻNIĄ SIĘ!' and expected text 'NIE WYPEŁNIONO WSZYSTKICH PÓL!.*' are matched  using regular expression

2021-12-22 00:19:03 - [MESSAGE][PASSED] - Actual text 'NIE WYPEŁNIONO WSZYSTKICH PÓL!
PODANE HASŁA RÓŻNIĄ SIĘ!' and expected text 'NIE WYPEŁNIONO WSZYSTKICH PÓL!.*' are matched  using regular expression

2021-12-22 00:19:03 - [TEST_STEP][PASSED] - closeBrowser(): Browser is closed

2021-12-22 00:19:04 - [MESSAGE][PASSED] - Browser is closed]]></system-out>
         <system-err><![CDATA[]]></system-err>
      </testcase>
      <testcase name="Test Cases/komunikator testy edycja profilu/PE6" time="14.469" classname="Test Cases/komunikator testy edycja profilu/PE6" status="PASSED">
         <system-out><![CDATA[2021-12-22 00:19:04 - [TEST_CASE][PASSED] - Test Cases/komunikator testy edycja profilu/PE6: Test Cases/komunikator testy edycja profilu/PE6

2021-12-22 00:19:05 - [TEST_STEP][PASSED] - openBrowser(""): Browser is opened with url: ''

2021-12-22 00:19:05 - [MESSAGE][INFO] - Starting 'Firefox' driver

2021-12-22 00:19:05 - [MESSAGE][INFO] - Action delay is set to 0 milliseconds

2021-12-22 00:19:10 - [MESSAGE][PASSED] - Browser is opened with url: ''

2021-12-22 00:19:10 - [TEST_STEP][PASSED] - maximizeWindow(): Current window maximized

2021-12-22 00:19:11 - [MESSAGE][PASSED] - Current window maximized

2021-12-22 00:19:11 - [TEST_STEP][PASSED] - navigateToUrl("http://kmg.hcm.pl/testowanie/index.html"): Navigate to 'http://kmg.hcm.pl/testowanie/index.html' successfully

2021-12-22 00:19:12 - [MESSAGE][PASSED] - Navigate to 'http://kmg.hcm.pl/testowanie/index.html' successfully

2021-12-22 00:19:12 - [TEST_STEP][PASSED] - setText(findTestObject("Page_PSTO webMessenger/input_Zarejestruj konto_userLogin"), "ewelinah"): Text 'ewelinah' is set on object 'Object Repository/Page_PSTO webMessenger/input_Zarejestruj konto_userLogin'

2021-12-22 00:19:13 - [MESSAGE][PASSED] - Text 'ewelinah' is set on object 'Object Repository/Page_PSTO webMessenger/input_Zarejestruj konto_userLogin'

2021-12-22 00:19:13 - [TEST_STEP][PASSED] - setEncryptedText(findTestObject("Page_PSTO webMessenger/input_Zarejestruj konto_passwordLogin"), "aeHFOx8jV/A="): Text ****** has been set on object 'Object Repository/Page_PSTO webMessenger/input_Zarejestruj konto_passwordLogin'

2021-12-22 00:19:14 - [MESSAGE][PASSED] - Text ****** has been set on object 'Object Repository/Page_PSTO webMessenger/input_Zarejestruj konto_passwordLogin'

2021-12-22 00:19:14 - [TEST_STEP][PASSED] - click(findTestObject("Page_PSTO webMessenger/input_Zarejestruj konto_login")): Object: 'Object Repository/Page_PSTO webMessenger/input_Zarejestruj konto_login' is clicked on

2021-12-22 00:19:14 - [MESSAGE][PASSED] - Object: 'Object Repository/Page_PSTO webMessenger/input_Zarejestruj konto_login' is clicked on

2021-12-22 00:19:14 - [TEST_STEP][PASSED] - click(findTestObject("Page_PSTO webMessenger - Zalogowano/img_Zarejestruj konto_profile")): Object: 'Object Repository/Page_PSTO webMessenger - Zalogowano/img_Zarejestruj konto_profile' is clicked on

2021-12-22 00:19:15 - [MESSAGE][PASSED] - Object: 'Object Repository/Page_PSTO webMessenger - Zalogowano/img_Zarejestruj konto_profile' is clicked on

2021-12-22 00:19:15 - [TEST_STEP][PASSED] - setEncryptedText(findTestObject("Page_PSTO webMessenger - Zalogowano/input_Zmien haslo_oldPass"), "tzH6RvlfSTg="): Text ****** has been set on object 'Object Repository/Page_PSTO webMessenger - Zalogowano/input_Zmien haslo_oldPass'

2021-12-22 00:19:15 - [MESSAGE][PASSED] - Text ****** has been set on object 'Object Repository/Page_PSTO webMessenger - Zalogowano/input_Zmien haslo_oldPass'

2021-12-22 00:19:15 - [TEST_STEP][PASSED] - setEncryptedText(findTestObject("Page_PSTO webMessenger - Zalogowano/input_Zmien haslo_editPass"), "iGDxf8hSRT4="): Text ****** has been set on object 'Object Repository/Page_PSTO webMessenger - Zalogowano/input_Zmien haslo_editPass'

2021-12-22 00:19:16 - [MESSAGE][PASSED] - Text ****** has been set on object 'Object Repository/Page_PSTO webMessenger - Zalogowano/input_Zmien haslo_editPass'

2021-12-22 00:19:16 - [TEST_STEP][PASSED] - setEncryptedText(findTestObject("Page_PSTO webMessenger - Zalogowano/input_Zmien haslo_editPassRepeat"), "iGDxf8hSRT4="): Text ****** has been set on object 'Object Repository/Page_PSTO webMessenger - Zalogowano/input_Zmien haslo_editPassRepeat'

2021-12-22 00:19:17 - [MESSAGE][PASSED] - Text ****** has been set on object 'Object Repository/Page_PSTO webMessenger - Zalogowano/input_Zmien haslo_editPassRepeat'

2021-12-22 00:19:17 - [TEST_STEP][PASSED] - click(findTestObject("Page_PSTO webMessenger - Zalogowano/input_Zmien haslo_changePassword")): Object: 'Object Repository/Page_PSTO webMessenger - Zalogowano/input_Zmien haslo_changePassword' is clicked on

2021-12-22 00:19:17 - [MESSAGE][PASSED] - Object: 'Object Repository/Page_PSTO webMessenger - Zalogowano/input_Zmien haslo_changePassword' is clicked on

2021-12-22 00:19:17 - [TEST_STEP][PASSED] - verifyElementText(findTestObject("Page_PSTO webMessenger - Zalogowano/p_Podane dotychczasowe haslo jest bledne"), "PODANE DOTYCHCZASOWE HASŁO JEST BŁĘDNE!"): Actual text and expected text of test object 'Object Repository/Page_PSTO webMessenger - Zalogowano/p_Podane dotychczasowe haslo jest bledne' are matched.

2021-12-22 00:19:18 - [MESSAGE][PASSED] - Actual text and expected text of test object 'Object Repository/Page_PSTO webMessenger - Zalogowano/p_Podane dotychczasowe haslo jest bledne' are matched.

2021-12-22 00:19:18 - [TEST_STEP][PASSED] - closeBrowser(): Browser is closed

2021-12-22 00:19:19 - [MESSAGE][PASSED] - Browser is closed]]></system-out>
         <system-err><![CDATA[]]></system-err>
      </testcase>
      <testcase name="Test Cases/komunikator testy edycja profilu/PE7" time="14.703" classname="Test Cases/komunikator testy edycja profilu/PE7" status="PASSED">
         <system-out><![CDATA[2021-12-22 00:19:19 - [TEST_CASE][PASSED] - Test Cases/komunikator testy edycja profilu/PE7: Test Cases/komunikator testy edycja profilu/PE7

2021-12-22 00:19:19 - [TEST_STEP][PASSED] - openBrowser(""): Browser is opened with url: ''

2021-12-22 00:19:19 - [MESSAGE][INFO] - Starting 'Firefox' driver

2021-12-22 00:19:19 - [MESSAGE][INFO] - Action delay is set to 0 milliseconds

2021-12-22 00:19:25 - [MESSAGE][PASSED] - Browser is opened with url: ''

2021-12-22 00:19:25 - [TEST_STEP][PASSED] - maximizeWindow(): Current window maximized

2021-12-22 00:19:25 - [MESSAGE][PASSED] - Current window maximized

2021-12-22 00:19:25 - [TEST_STEP][PASSED] - navigateToUrl("http://kmg.hcm.pl/testowanie/index.html"): Navigate to 'http://kmg.hcm.pl/testowanie/index.html' successfully

2021-12-22 00:19:27 - [MESSAGE][PASSED] - Navigate to 'http://kmg.hcm.pl/testowanie/index.html' successfully

2021-12-22 00:19:27 - [TEST_STEP][PASSED] - setText(findTestObject("Object Repository/Page_PSTO webMessenger/input_Zarejestruj konto_userLogin"), "ewelinaho"): Text 'ewelinaho' is set on object 'Object Repository/Page_PSTO webMessenger/input_Zarejestruj konto_userLogin'

2021-12-22 00:19:28 - [MESSAGE][PASSED] - Text 'ewelinaho' is set on object 'Object Repository/Page_PSTO webMessenger/input_Zarejestruj konto_userLogin'

2021-12-22 00:19:28 - [TEST_STEP][PASSED] - setEncryptedText(findTestObject("Object Repository/Page_PSTO webMessenger/input_Zarejestruj konto_passwordLogin"), "aeHFOx8jV/A="): Text ****** has been set on object 'Object Repository/Page_PSTO webMessenger/input_Zarejestruj konto_passwordLogin'

2021-12-22 00:19:28 - [MESSAGE][PASSED] - Text ****** has been set on object 'Object Repository/Page_PSTO webMessenger/input_Zarejestruj konto_passwordLogin'

2021-12-22 00:19:28 - [TEST_STEP][PASSED] - click(findTestObject("Object Repository/Page_PSTO webMessenger/input_Zarejestruj konto_login")): Object: 'Object Repository/Page_PSTO webMessenger/input_Zarejestruj konto_login' is clicked on

2021-12-22 00:19:29 - [MESSAGE][PASSED] - Object: 'Object Repository/Page_PSTO webMessenger/input_Zarejestruj konto_login' is clicked on

2021-12-22 00:19:29 - [TEST_STEP][PASSED] - click(findTestObject("Page_PSTO webMessenger - Zalogowano/img_Zarejestruj konto_profile")): Object: 'Object Repository/Page_PSTO webMessenger - Zalogowano/img_Zarejestruj konto_profile' is clicked on

2021-12-22 00:19:30 - [MESSAGE][PASSED] - Object: 'Object Repository/Page_PSTO webMessenger - Zalogowano/img_Zarejestruj konto_profile' is clicked on

2021-12-22 00:19:30 - [TEST_STEP][PASSED] - setText(findTestObject("Page_PSTO webMessenger - Zalogowano/input_Zmien dane_editName"), "Ewa"): Text 'Ewa' is set on object 'Object Repository/Page_PSTO webMessenger - Zalogowano/input_Zmien dane_editName'

2021-12-22 00:19:30 - [MESSAGE][PASSED] - Text 'Ewa' is set on object 'Object Repository/Page_PSTO webMessenger - Zalogowano/input_Zmien dane_editName'

2021-12-22 00:19:30 - [TEST_STEP][PASSED] - scrollToElement(findTestObject("Page_PSTO webMessenger - Zalogowano/input_Wybierz nowy avatar_editBttn"), 2): Scroll to object 'Object Repository/Page_PSTO webMessenger - Zalogowano/input_Wybierz nowy avatar_editBttn' successfully

2021-12-22 00:19:31 - [MESSAGE][PASSED] - Scroll to object 'Object Repository/Page_PSTO webMessenger - Zalogowano/input_Wybierz nowy avatar_editBttn' successfully

2021-12-22 00:19:31 - [TEST_STEP][PASSED] - click(findTestObject("Object Repository/Page_PSTO webMessenger - Zalogowano/input_Wybierz nowy avatar_editBttn")): Object: 'Object Repository/Page_PSTO webMessenger - Zalogowano/input_Wybierz nowy avatar_editBttn' is clicked on

2021-12-22 00:19:31 - [MESSAGE][PASSED] - Object: 'Object Repository/Page_PSTO webMessenger - Zalogowano/input_Wybierz nowy avatar_editBttn' is clicked on

2021-12-22 00:19:31 - [TEST_STEP][PASSED] - value_text = getAttribute(findTestObject("Page_PSTO webMessenger - Zalogowano/input_Zmien dane_editName"), "value"): Attribute 'value' of object 'Object Repository/Page_PSTO webMessenger - Zalogowano/input_Zmien dane_editName' is: 'Ewa'

2021-12-22 00:19:32 - [MESSAGE][PASSED] - Attribute 'value' of object 'Object Repository/Page_PSTO webMessenger - Zalogowano/input_Zmien dane_editName' is: 'Ewa'

2021-12-22 00:19:32 - [TEST_STEP][PASSED] - verifyEqual("Ewa", value_text): Actual object 'Ewa' and expected object 'Ewa' are equal

2021-12-22 00:19:32 - [MESSAGE][PASSED] - Actual object 'Ewa' and expected object 'Ewa' are equal

2021-12-22 00:19:32 - [TEST_STEP][PASSED] - closeBrowser(): Browser is closed

2021-12-22 00:19:34 - [MESSAGE][PASSED] - Browser is closed]]></system-out>
         <system-err><![CDATA[]]></system-err>
      </testcase>
      <testcase name="Test Cases/komunikator testy edycja profilu/PE8" time="15.208" classname="Test Cases/komunikator testy edycja profilu/PE8" status="FAILED">
         <failure type="FAILED" message="Test Cases/komunikator testy edycja profilu/PE8 FAILED.
Reason:
com.kms.katalon.core.exception.StepFailedException: Unable to verify not equal between actual object '987!+' and expected object '987!+' (Root cause: com.kms.katalon.core.exception.StepFailedException: Actual object '987!+' and expected object '987!+' are equal
	at com.kms.katalon.core.keyword.builtin.VerifyNotEqualKeyword$_verifyNotEqual_closure1.doCall(VerifyNotEqualKeyword.groovy:58)
	at com.kms.katalon.core.keyword.builtin.VerifyNotEqualKeyword$_verifyNotEqual_closure1.call(VerifyNotEqualKeyword.groovy)
	at com.kms.katalon.core.keyword.internal.KeywordMain.runKeyword(KeywordMain.groovy:74)
	at com.kms.katalon.core.keyword.builtin.VerifyNotEqualKeyword.verifyNotEqual(VerifyNotEqualKeyword.groovy:64)
	at com.kms.katalon.core.keyword.builtin.VerifyNotEqualKeyword.execute(VerifyNotEqualKeyword.groovy:44)
	at com.kms.katalon.core.keyword.internal.KeywordExecutor.executeKeywordForPlatform(KeywordExecutor.groovy:74)
	at com.kms.katalon.core.keyword.BuiltinKeywords.verifyNotEqual(BuiltinKeywords.groovy:157)
	at PE8.run(PE8:43)
	at com.kms.katalon.core.main.ScriptEngine.run(ScriptEngine.java:194)
	at com.kms.katalon.core.main.ScriptEngine.runScriptAsRawText(ScriptEngine.java:119)
	at com.kms.katalon.core.main.TestCaseExecutor.runScript(TestCaseExecutor.java:430)
	at com.kms.katalon.core.main.TestCaseExecutor.doExecute(TestCaseExecutor.java:421)
	at com.kms.katalon.core.main.TestCaseExecutor.processExecutionPhase(TestCaseExecutor.java:400)
	at com.kms.katalon.core.main.TestCaseExecutor.accessMainPhase(TestCaseExecutor.java:392)
	at com.kms.katalon.core.main.TestCaseExecutor.execute(TestCaseExecutor.java:273)
	at com.kms.katalon.core.main.TestSuiteExecutor.accessTestCaseMainPhase(TestSuiteExecutor.java:202)
	at com.kms.katalon.core.main.TestSuiteExecutor.accessTestSuiteMainPhase(TestSuiteExecutor.java:164)
	at com.kms.katalon.core.main.TestSuiteExecutor.execute(TestSuiteExecutor.java:105)
	at com.kms.katalon.core.main.TestCaseMain.startTestSuite(TestCaseMain.java:185)
[...]
	at com.kms.katalon.core.keyword.builtin.VerifyMatchKeyword$_verifyMatch_closure1.doCall(VerifyMatchKeyword.groovy:57)
	at com.kms.katalon.core.keyword.builtin.VerifyMatchKeyword$_verifyMatch_closure1.call(VerifyMatchKeyword.groovy)
	at com.kms.katalon.core.keyword.internal.KeywordMain.runKeyword(KeywordMain.groovy:74)
	at com.kms.katalon.core.keyword.builtin.VerifyMatchKeyword.verifyMatch(VerifyMatchKeyword.groovy:60)
	at com.kms.katalon.core.keyword.builtin.VerifyMatchKeyword.execute(VerifyMatchKeyword.groovy:45)
	at com.kms.katalon.core.keyword.internal.KeywordExecutor.executeKeywordForPlatform(KeywordExecutor.groovy:74)
	at com.kms.katalon.core.keyword.BuiltinKeywords.verifyMatch(BuiltinKeywords.groovy:55)
	at PE22.run(PE22:45)
	at com.kms.katalon.core.main.ScriptEngine.run(ScriptEngine.java:194)
	at com.kms.katalon.core.main.ScriptEngine.runScriptAsRawText(ScriptEngine.java:119)
	at com.kms.katalon.core.main.TestCaseExecutor.runScript(TestCaseExecutor.java:430)
	at com.kms.katalon.core.main.TestCaseExecutor.doExecute(TestCaseExecutor.java:421)
	at com.kms.katalon.core.main.TestCaseExecutor.processExecutionPhase(TestCaseExecutor.java:400)
	at com.kms.katalon.core.main.TestCaseExecutor.accessMainPhase(TestCaseExecutor.java:392)
	at com.kms.katalon.core.main.TestCaseExecutor.execute(TestCaseExecutor.java:273)
	at com.kms.katalon.core.main.TestSuiteExecutor.accessTestCaseMainPhase(TestSuiteExecutor.java:202)
	at com.kms.katalon.core.main.TestSuiteExecutor.accessTestSuiteMainPhase(TestSuiteExecutor.java:164)
	at com.kms.katalon.core.main.TestSuiteExecutor.execute(TestSuiteExecutor.java:105)
	at com.kms.katalon.core.main.TestCaseMain.startTestSuite(TestCaseMain.java:185)
	at com.kms.katalon.core.main.TestCaseMain$startTestSuite$0.call(Unknown Source)
	at TempTestSuite1640128653683.run(TempTestSuite1640128653683.groovy:36)
)

2021-12-22 00:23:19 - [MESSAGE][FAILED] - Unable to verify match between actual text '/*-789' and expected text '(https?:\/\/(?:www\.|(?!www))[a-zA-Z0-9][a-zA-Z0-9-]+[a-zA-Z0-9]\.[^\s]{2,}|www\.[a-zA-Z0-9][a-zA-Z0-9-]+[a-zA-Z0-9]\.[^\s]{2,}|https?:\/\/(?:www\.|(?!www))[a-zA-Z0-9]+\.[^\s]{2,}|www\.[a-zA-Z0-9]+\.[^\s]{2,})' using regular expression (Root cause: com.kms.katalon.core.exception.StepFailedException: Actual text '/*-789' and expected text '(https?:\/\/(?:www\.|(?!www))[a-zA-Z0-9][a-zA-Z0-9-]+[a-zA-Z0-9]\.[^\s]{2,}|www\.[a-zA-Z0-9][a-zA-Z0-9-]+[a-zA-Z0-9]\.[^\s]{2,}|https?:\/\/(?:www\.|(?!www))[a-zA-Z0-9]+\.[^\s]{2,}|www\.[a-zA-Z0-9]+\.[^\s]{2,})' are not matched using regular expression
	at com.kms.katalon.core.keyword.builtin.VerifyMatchKeyword$_verifyMatch_closure1.doCall(VerifyMatchKeyword.groovy:57)
	at com.kms.katalon.core.keyword.builtin.VerifyMatchKeyword$_verifyMatch_closure1.call(VerifyMatchKeyword.groovy)
	at com.kms.katalon.core.keyword.internal.KeywordMain.runKeyword(KeywordMain.groovy:74)
	at com.kms.katalon.core.keyword.builtin.VerifyMatchKeyword.verifyMatch(VerifyMatchKeyword.groovy:60)
	at com.kms.katalon.core.keyword.builtin.VerifyMatchKeyword.execute(VerifyMatchKeyword.groovy:45)
	at com.kms.katalon.core.keyword.internal.KeywordExecutor.executeKeywordForPlatform(KeywordExecutor.groovy:74)
	at com.kms.katalon.core.keyword.BuiltinKeywords.verifyMatch(BuiltinKeywords.groovy:55)
	at PE22.run(PE22:45)
	at com.kms.katalon.core.main.ScriptEngine.run(ScriptEngine.java:194)
	at com.kms.katalon.core.main.ScriptEngine.runScriptAsRawText(ScriptEngine.java:119)
	at com.kms.katalon.core.main.TestCaseExecutor.runScript(TestCaseExecutor.java:430)
	at com.kms.katalon.core.main.TestCaseExecutor.doExecute(TestCaseExecutor.java:421)
	at com.kms.katalon.core.main.TestCaseExecutor.processExecutionPhase(TestCaseExecutor.java:400)
	at com.kms.katalon.core.main.TestCaseExecutor.accessMainPhase(TestCaseExecutor.java:392)
	at com.kms.katalon.core.main.TestCaseExecutor.execute(TestCaseExecutor.java:273)
	at com.kms.katalon.core.main.TestSuiteExecutor.accessTestCaseMainPhase(TestSuiteExecutor.java:202)
	at com.kms.katalon.core.main.TestSuiteExecutor.accessTestSuiteMainPhase(TestSuiteExecutor.java:164)
	at com.kms.katalon.core.main.TestSuiteExecutor.execute(TestSuiteExecutor.java:105)
	at com.kms.katalon.core.main.TestCaseMain.startTestSuite(TestCaseMain.java:185)
	at com.kms.katalon.core.main.TestCaseMain$startTestSuite$0.call(Unknown Source)
	at TempTestSuite1640128653683.run(TempTestSuite1640128653683.groovy:36)
)

2021-12-22 00:23:19 - [TEST_STEP][PASSED] - closeBrowser(): Browser is closed

2021-12-22 00:23:21 - [MESSAGE][PASSED] - Browser is closed]]></system-out>
         <system-err><![CDATA[2021-12-22 00:23:06 - [TEST_CASE][FAILED] - Test Cases/komunikator testy edycja profilu/PE22: Test Cases/komunikator testy edycja profilu/PE22 FAILED.
Reason:
com.kms.katalon.core.exception.StepFailedException: Unable to verify match between actual text '/*-789' and expected text '(https?:\/\/(?:www\.|(?!www))[a-zA-Z0-9][a-zA-Z0-9-]+[a-zA-Z0-9]\.[^\s]{2,}|www\.[a-zA-Z0-9][a-zA-Z0-9-]+[a-zA-Z0-9]\.[^\s]{2,}|https?:\/\/(?:www\.|(?!www))[a-zA-Z0-9]+\.[^\s]{2,}|www\.[a-zA-Z0-9]+\.[^\s]{2,})' using regular expression (Root cause: com.kms.katalon.core.exception.StepFailedException: Actual text '/*-789' and expected text '(https?:\/\/(?:www\.|(?!www))[a-zA-Z0-9][a-zA-Z0-9-]+[a-zA-Z0-9]\.[^\s]{2,}|www\.[a-zA-Z0-9][a-zA-Z0-9-]+[a-zA-Z0-9]\.[^\s]{2,}|https?:\/\/(?:www\.|(?!www))[a-zA-Z0-9]+\.[^\s]{2,}|www\.[a-zA-Z0-9]+\.[^\s]{2,})' are not matched using regular expression
	at com.kms.katalon.core.keyword.builtin.VerifyMatchKeyword$_verifyMatch_closure1.doCall(VerifyMatchKeyword.groovy:57)
	at com.kms.katalon.core.keyword.builtin.VerifyMatchKeyword$_verifyMatch_closure1.call(VerifyMatchKeyword.groovy)
	at com.kms.katalon.core.keyword.internal.KeywordMain.runKeyword(KeywordMain.groovy:74)
	at com.kms.katalon.core.keyword.builtin.VerifyMatchKeyword.verifyMatch(VerifyMatchKeyword.groovy:60)
	at com.kms.katalon.core.keyword.builtin.VerifyMatchKeyword.execute(VerifyMatchKeyword.groovy:45)
	at com.kms.katalon.core.keyword.internal.KeywordExecutor.executeKeywordForPlatform(KeywordExecutor.groovy:74)
	at com.kms.katalon.core.keyword.BuiltinKeywords.verifyMatch(BuiltinKeywords.groovy:55)
	at PE22.run(PE22:45)
	at com.kms.katalon.core.main.ScriptEngine.run(ScriptEngine.java:194)
	at com.kms.katalon.core.main.ScriptEngine.runScriptAsRawText(ScriptEngine.java:119)
	at com.kms.katalon.core.main.TestCaseExecutor.runScript(TestCaseExecutor.java:430)
	at com.kms.katalon.core.main.TestCaseExecutor.doExecute(TestCaseExecutor.java:421)
	at com.kms.katalon.core.main.TestCaseExecutor.processExecutionPhase(TestCaseExecutor.java:400)
	at com.kms.katalon.core.main.TestCaseExecutor.accessMainPhase(TestCaseExecutor.java:392)
	at com.kms.katalon.core.main.TestCaseExecutor.execute(TestCaseExecutor.java:273)
	at com.kms.katalon.core.main.TestSuiteExecutor.accessTestCaseMainPhase(TestSuiteExecutor.java:202)
	at com.kms.katalon.core.main.TestSuiteExecutor.accessTestSuiteMainPhase(TestSuiteExecutor.java:164)
	at com.kms.katalon.core.main.TestSuiteExecutor.execute(TestSuiteExecutor.java:105)
	at com.kms.katalon.core.main.TestCaseMain.startTestSuite(TestCaseMain.java:185)
	at com.kms.katalon.core.main.TestCaseMain$startTestSuite$0.call(Unknown Source)
	at TempTestSuite1640128653683.run(TempTestSuite1640128653683.groovy:36)
)
	at com.kms.katalon.core.keyword.internal.KeywordMain.stepFailed(KeywordMain.groovy:39)
	at com.kms.katalon.core.keyword.internal.KeywordMain.stepFailed(KeywordMain.groovy)
	at com.kms.katalon.core.keyword.internal.KeywordMain.runKeyword(KeywordMain.groovy:76)
	at com.kms.katalon.core.keyword.builtin.VerifyMatchKeyword.verifyMatch(VerifyMatchKeyword.groovy:60)
	at com.kms.katalon.core.keyword.builtin.VerifyMatchKeyword.execute(VerifyMatchKeyword.groovy:45)
	at com.kms.katalon.core.keyword.internal.KeywordExecutor.executeKeywordForPlatform(KeywordExecutor.groovy:74)
	at com.kms.katalon.core.keyword.BuiltinKeywords.verifyMatch(BuiltinKeywords.groovy:55)
	at PE22.run(PE22:45)
	at com.kms.katalon.core.main.ScriptEngine.run(ScriptEngine.java:194)
	at com.kms.katalon.core.main.ScriptEngine.runScriptAsRawText(ScriptEngine.java:119)
	at com.kms.katalon.core.main.TestCaseExecutor.runScript(TestCaseExecutor.java:430)
	at com.kms.katalon.core.main.TestCaseExecutor.doExecute(TestCaseExecutor.java:421)
	at com.kms.katalon.core.main.TestCaseExecutor.processExecutionPhase(TestCaseExecutor.java:400)
	at com.kms.katalon.core.main.TestCaseExecutor.accessMainPhase(TestCaseExecutor.java:392)
	at com.kms.katalon.core.main.TestCaseExecutor.execute(TestCaseExecutor.java:273)
	at com.kms.katalon.core.main.TestSuiteExecutor.accessTestCaseMainPhase(TestSuiteExecutor.java:202)
	at com.kms.katalon.core.main.TestSuiteExecutor.accessTestSuiteMainPhase(TestSuiteExecutor.java:164)
	at com.kms.katalon.core.main.TestSuiteExecutor.execute(TestSuiteExecutor.java:105)
	at com.kms.katalon.core.main.TestCaseMain.startTestSuite(TestCaseMain.java:185)
	at com.kms.katalon.core.main.TestCaseMain$startTestSuite$0.call(Unknown Source)
	at TempTestSuite1640128653683.run(TempTestSuite1640128653683.groovy:36)
Caused by: com.kms.katalon.core.exception.StepFailedException: Actual text '/*-789' and expected text '(https?:\/\/(?:www\.|(?!www))[a-zA-Z0-9][a-zA-Z0-9-]+[a-zA-Z0-9]\.[^\s]{2,}|www\.[a-zA-Z0-9][a-zA-Z0-9-]+[a-zA-Z0-9]\.[^\s]{2,}|https?:\/\/(?:www\.|(?!www))[a-zA-Z0-9]+\.[^\s]{2,}|www\.[a-zA-Z0-9]+\.[^\s]{2,})' are not matched using regular expression
	at com.kms.katalon.core.keyword.builtin.VerifyMatchKeyword$_verifyMatch_closure1.doCall(VerifyMatchKeyword.groovy:57)
	at com.kms.katalon.core.keyword.builtin.VerifyMatchKeyword$_verifyMatch_closure1.call(VerifyMatchKeyword.groovy)
	at com.kms.katalon.core.keyword.internal.KeywordMain.runKeyword(KeywordMain.groovy:74)
	... 18 more]]></system-err>
      </testcase>
      <system-out><![CDATA[2021-12-22 00:17:38 - [TEST_SUITE][FAILED] - edycja_profilu: Test Cases/komunikator testy edycja profilu/PE2 FAILED.
Reason:
com.kms.katalon.core.exception.StepFailedException: Unable to verify not equal between actual object 'HASŁO ZOSTAŁO ZMIENIONE!' and expected object 'HASŁO ZOSTAŁO ZMIENIONE!' (Root cause: com.kms.katalon.core.exception.StepFailedException: Actual object 'HASŁO ZOSTAŁO ZMIENIONE!' and expected object 'HASŁO ZOSTAŁO ZMIENIONE!' are equal
	at com.kms.katalon.core.keyword.builtin.VerifyNotEqualKeyword$_verifyNotEqual_closure1.doCall(VerifyNotEqualKeyword.groovy:58)
	at com.kms.katalon.core.keyword.builtin.VerifyNotEqualKeyword$_verifyNotEqual_closure1.call(VerifyNotEqualKeyword.groovy)
	at com.kms.katalon.core.keyword.internal.KeywordMain.runKeyword(KeywordMain.groovy:74)
	at com.kms.katalon.core.keyword.builtin.VerifyNotEqualKeyword.verifyNotEqual(VerifyNotEqualKeyword.groovy:64)
	at com.kms.katalon.core.keyword.builtin.VerifyNotEqualKeyword.execute(VerifyNotEqualKeyword.groovy:44)
	at com.kms.katalon.core.keyword.internal.KeywordExecutor.executeKeywordForPlatform(KeywordExecutor.groovy:74)
	at com.kms.katalon.core.keyword.BuiltinKeywords.verifyNotEqual(BuiltinKeywords.groovy:157)
	at PE2.run(PE2:44)
	at com.kms.katalon.core.main.ScriptEngine.run(ScriptEngine.java:194)
	at com.kms.katalon.core.main.ScriptEngine.runScriptAsRawText(ScriptEngine.java:119)
	at com.kms.katalon.core.main.TestCaseExecutor.runScript(TestCaseExecutor.java:430)
	at com.kms.katalon.core.main.TestCaseExecutor.doExecute(TestCaseExecutor.java:421)
	at com.kms.katalon.core.main.TestCaseExecutor.processExecutionPhase(TestCaseExecutor.java:400)
	at com.kms.katalon.core.main.TestCaseExecutor.accessMainPhase(TestCaseExecutor.java:392)
	at com.kms.katalon.core.main.TestCaseExecutor.execute(TestCaseExecutor.java:273)
	at com.kms.katalon.core.main.TestSuiteExecutor.accessTestCaseMainPhase(TestSuiteExecutor.java:202)
	at com.kms.katalon.core.main.TestSuiteExecutor.accessTestSuiteMainPhase(TestSuiteExecutor.java:164)
	at com.kms.katalon.core.main.TestSuiteExecutor.execute(TestSuiteExecutor.java:105)
	at com.kms.katalon.core.main.TestCaseMain.startTestSuite(TestCaseMain.java:185)
	at com.kms.katalon.core.main.TestCaseMain$startTestSuite$0.call(Unknown Source)
	at TempTestSuite1640128653683.run(TempTestSuite1640128653683.groovy:36)
)
	at com.kms.katalon.core.keyword.internal.KeywordMain.stepFailed(KeywordMain.groovy:39)
	at com.kms.katalon.core.keyword.internal.KeywordMain.stepFailed(KeywordMain.groovy)
	at com.kms.katalon.core.keyword.internal.KeywordMain.runKeyword(KeywordMain.groovy:76)
	at com.kms.katalon.core.keyword.builtin.VerifyNotEqualKeyword.verifyNotEqual(VerifyNotEqualKeyword.groovy:64)
	at com.kms.katalon.core.keyword.builtin.VerifyNotEqualKeyword.execute(VerifyNotEqualKeyword.groovy:44)
	at com.kms.katalon.core.keyword.internal.KeywordExecutor.executeKeywordForPlatform(KeywordExecutor.groovy:74)
	at com.kms.katalon.core.keyword.BuiltinKeywords.verifyNotEqual(BuiltinKeywords.groovy:157)
	at PE2.run(PE2:44)
	at com.kms.katalon.core.main.ScriptEngine.run(ScriptEngine.java:194)
	at com.kms.katalon.core.main.ScriptEngine.runScriptAsRawText(ScriptEngine.java:119)
	at com.kms.katalon.core.main.TestCaseExecutor.runScript(TestCaseExecutor.java:430)
	at com.kms.katalon.core.main.TestCaseExecutor.doExecute(TestCaseExecutor.java:421)
	at com.kms.katalon.core.main.TestCaseExecutor.processExecutionPhase(TestCaseExecutor.java:400)
	at com.kms.katalon.core.main.TestCaseExecutor.accessMainPhase(TestCaseExecutor.java:392)
	at com.kms.katalon.core.main.TestCaseExecutor.execute(TestCaseExecutor.java:273)
	at com.kms.katalon.core.main.TestSuiteExecutor.accessTestCaseMainPhase(TestSuiteExecutor.java:202)
	at com.kms.katalon.core.main.TestSuiteExecutor.accessTestSuiteMainPhase(TestSuiteExecutor.java:164)
	at com.kms.katalon.core.main.TestSuiteExecutor.execute(TestSuiteExecutor.java:105)
	at com.kms.katalon.core.main.TestCaseMain.startTestSuite(TestCaseMain.java:185)
	at com.kms.katalon.core.main.TestCaseMain$startTestSuite$0.call(Unknown Source)
	at TempTestSuite1640128653683.run(TempTestSuite1640128653683.groovy:36)
Caused by: com.kms.katalon.core.exception.StepFailedException: Actual object 'HASŁO ZOSTAŁO ZMIENIONE!' and expected object 'HASŁO ZOSTAŁO ZMIENIONE!' are equal
	at com.kms.katalon.core.keyword.builtin.VerifyNotEqualKeyword$_verifyNotEqual_closure1.doCall(VerifyNotEqualKeyword.groovy:58)
	at com.kms.katalon.core.keyword.builtin.VerifyNotEqualKeyword$_verifyNotEqual_closure1.call(VerifyNotEqualKeyword.groovy)
	at com.kms.katalon.core.keyword.internal.KeywordMain.runKeyword(KeywordMain.groovy:74)
	... 18 more]]></system-out>
      <system-err><![CDATA[2021-12-22 00:17:38 - [TEST_SUITE][FAILED] - edycja_profilu: Test Cases/komunikator testy edycja profilu/PE2 FAILED.
Reason:
com.kms.katalon.core.exception.StepFailedException: Unable to verify not equal between actual object 'HASŁO ZOSTAŁO ZMIENIONE!' and expected object 'HASŁO ZOSTAŁO ZMIENIONE!' (Root cause: com.kms.katalon.core.exception.StepFailedException: Actual object 'HASŁO ZOSTAŁO ZMIENIONE!' and expected object 'HASŁO ZOSTAŁO ZMIENIONE!' are equal
	at com.kms.katalon.core.keyword.builtin.VerifyNotEqualKeyword$_verifyNotEqual_closure1.doCall(VerifyNotEqualKeyword.groovy:58)
	at com.kms.katalon.core.keyword.builtin.VerifyNotEqualKeyword$_verifyNotEqual_closure1.call(VerifyNotEqualKeyword.groovy)
	at com.kms.katalon.core.keyword.internal.KeywordMain.runKeyword(KeywordMain.groovy:74)
	at com.kms.katalon.core.keyword.builtin.VerifyNotEqualKeyword.verifyNotEqual(VerifyNotEqualKeyword.groovy:64)
	at com.kms.katalon.core.keyword.builtin.VerifyNotEqualKeyword.execute(VerifyNotEqualKeyword.groovy:44)
	at com.kms.katalon.core.keyword.internal.KeywordExecutor.executeKeywordForPlatform(KeywordExecutor.groovy:74)
	at com.kms.katalon.core.keyword.BuiltinKeywords.verifyNotEqual(BuiltinKeywords.groovy:157)
	at PE2.run(PE2:44)
	at com.kms.katalon.core.main.ScriptEngine.run(ScriptEngine.java:194)
	at com.kms.katalon.core.main.ScriptEngine.runScriptAsRawText(ScriptEngine.java:119)
	at com.kms.katalon.core.main.TestCaseExecutor.runScript(TestCaseExecutor.java:430)
	at com.kms.katalon.core.main.TestCaseExecutor.doExecute(TestCaseExecutor.java:421)
	at com.kms.katalon.core.main.TestCaseExecutor.processExecutionPhase(TestCaseExecutor.java:400)
	at com.kms.katalon.core.main.TestCaseExecutor.accessMainPhase(TestCaseExecutor.java:392)
	at com.kms.katalon.core.main.TestCaseExecutor.execute(TestCaseExecutor.java:273)
	at com.kms.katalon.core.main.TestSuiteExecutor.accessTestCaseMainPhase(TestSuiteExecutor.java:202)
	at com.kms.katalon.core.main.TestSuiteExecutor.accessTestSuiteMainPhase(TestSuiteExecutor.java:164)
	at com.kms.katalon.core.main.TestSuiteExecutor.execute(TestSuiteExecutor.java:105)
	at com.kms.katalon.core.main.TestCaseMain.startTestSuite(TestCaseMain.java:185)
	at com.kms.katalon.core.main.TestCaseMain$startTestSuite$0.call(Unknown Source)
	at TempTestSuite1640128653683.run(TempTestSuite1640128653683.groovy:36)
)
	at com.kms.katalon.core.keyword.internal.KeywordMain.stepFailed(KeywordMain.groovy:39)
	at com.kms.katalon.core.keyword.internal.KeywordMain.stepFailed(KeywordMain.groovy)
	at com.kms.katalon.core.keyword.internal.KeywordMain.runKeyword(KeywordMain.groovy:76)
	at com.kms.katalon.core.keyword.builtin.VerifyNotEqualKeyword.verifyNotEqual(VerifyNotEqualKeyword.groovy:64)
	at com.kms.katalon.core.keyword.builtin.VerifyNotEqualKeyword.execute(VerifyNotEqualKeyword.groovy:44)
	at com.kms.katalon.core.keyword.internal.KeywordExecutor.executeKeywordForPlatform(KeywordExecutor.groovy:74)
	at com.kms.katalon.core.keyword.BuiltinKeywords.verifyNotEqual(BuiltinKeywords.groovy:157)
	at PE2.run(PE2:44)
	at com.kms.katalon.core.main.ScriptEngine.run(ScriptEngine.java:194)
	at com.kms.katalon.core.main.ScriptEngine.runScriptAsRawText(ScriptEngine.java:119)
	at com.kms.katalon.core.main.TestCaseExecutor.runScript(TestCaseExecutor.java:430)
	at com.kms.katalon.core.main.TestCaseExecutor.doExecute(TestCaseExecutor.java:421)
	at com.kms.katalon.core.main.TestCaseExecutor.processExecutionPhase(TestCaseExecutor.java:400)
	at com.kms.katalon.core.main.TestCaseExecutor.accessMainPhase(TestCaseExecutor.java:392)
	at com.kms.katalon.core.main.TestCaseExecutor.execute(TestCaseExecutor.java:273)
	at com.kms.katalon.core.main.TestSuiteExecutor.accessTestCaseMainPhase(TestSuiteExecutor.java:202)
	at com.kms.katalon.core.main.TestSuiteExecutor.accessTestSuiteMainPhase(TestSuiteExecutor.java:164)
	at com.kms.katalon.core.main.TestSuiteExecutor.execute(TestSuiteExecutor.java:105)
	at com.kms.katalon.core.main.TestCaseMain.startTestSuite(TestCaseMain.java:185)
	at com.kms.katalon.core.main.TestCaseMain$startTestSuite$0.call(Unknown Source)
	at TempTestSuite1640128653683.run(TempTestSuite1640128653683.groovy:36)
Caused by: com.kms.katalon.core.exception.StepFailedException: Actual object 'HASŁO ZOSTAŁO ZMIENIONE!' and expected object 'HASŁO ZOSTAŁO ZMIENIONE!' are equal
	at com.kms.katalon.core.keyword.builtin.VerifyNotEqualKeyword$_verifyNotEqual_closure1.doCall(VerifyNotEqualKeyword.groovy:58)
	at com.kms.katalon.core.keyword.builtin.VerifyNotEqualKeyword$_verifyNotEqual_closure1.call(VerifyNotEqualKeyword.groovy)
	at com.kms.katalon.core.keyword.internal.KeywordMain.runKeyword(KeywordMain.groovy:74)
	... 18 more]]></system-err>
   </testsuite>
</testsuites>
